{"level":"info","message":"⌛ Building environment","timeElapsed":131,"timestamp":"2024-05-23T01:11:41.516Z"}
{"level":"info","message":"onRequest - WORKSPACE_URI:file:///home/dodain/workspace/wollok-dev/wollok-workspace/migracion-proyectos/pacmanBasicGame","timestamp":"2024-05-23T01:11:41.518Z"}
{"level":"info","message":"onRequest - STRONG_FILES_CHANGED:/home/dodain/workspace/wollok-dev/wollok-workspace/migracion-proyectos/pacmanBasicGame/src/example.wlk,/home/dodain/workspace/wollok-dev/wollok-workspace/migracion-proyectos/pacmanBasicGame/src/program.wpgm","timestamp":"2024-05-23T01:11:45.066Z"}
{"level":"info","message":"Removing diagnostics from /home/dodain/workspace/wollok-dev/wollok-workspace/migracion-proyectos/pacmanBasicGame/src/example.wlk","timestamp":"2024-05-23T01:11:45.366Z"}
{"level":"info","message":"Removing diagnostics from /home/dodain/workspace/wollok-dev/wollok-workspace/migracion-proyectos/pacmanBasicGame/src/program.wpgm","timestamp":"2024-05-23T01:11:45.366Z"}
{"level":"info","message":"onRequest - WORKSPACE_URI:file:///home/dodain/workspace/wollok-dev/wollok-workspace/migracion-proyectos/pacmanBasicGame","timestamp":"2024-05-23T01:11:45.369Z"}
{"level":"info","message":"onRequest - STRONG_FILES_CHANGED:/home/dodain/workspace/wollok-dev/wollok-workspace/migracion-proyectos/pacmanBasicGame/src","timestamp":"2024-05-23T01:11:47.697Z"}
{"level":"info","message":"onRequest - WORKSPACE_URI:file:///home/dodain/workspace/wollok-dev/wollok-workspace/migracion-proyectos/pacmanBasicGame","timestamp":"2024-05-23T01:11:47.834Z"}
{"level":"info","message":"Removing diagnostics from /home/dodain/workspace/wollok-dev/wollok-workspace/migracion-proyectos/pacmanBasicGame/src","timestamp":"2024-05-23T01:11:47.952Z"}
{"level":"info","message":"onRequest - STRONG_FILES_CHANGED:/home/dodain/workspace/wollok-dev/wollok-workspace/migracion-proyectos/pacmanBasicGame/workflows","timestamp":"2024-05-23T01:14:12.114Z"}
{"level":"info","message":"onRequest - WORKSPACE_URI:file:///home/dodain/workspace/wollok-dev/wollok-workspace/migracion-proyectos/pacmanBasicGame","timestamp":"2024-05-23T01:14:12.338Z"}
{"level":"info","message":"Removing diagnostics from /home/dodain/workspace/wollok-dev/wollok-workspace/migracion-proyectos/pacmanBasicGame/workflows","timestamp":"2024-05-23T01:14:12.466Z"}
{"level":"info","message":"onRequest - STRONG_FILES_CHANGED:/home/dodain/workspace/wollok-dev/wollok-workspace/migracion-proyectos/pacmanBasicGame/program.wpgm","timestamp":"2024-05-23T01:14:27.808Z"}
{"level":"info","message":"Removing diagnostics from /home/dodain/workspace/wollok-dev/wollok-workspace/migracion-proyectos/pacmanBasicGame/program.wpgm","timestamp":"2024-05-23T01:14:28.186Z"}
{"level":"info","message":"onRequest - WORKSPACE_URI:file:///home/dodain/workspace/wollok-dev/wollok-workspace/migracion-proyectos/pacmanBasicGame","timestamp":"2024-05-23T01:14:28.186Z"}
{"exitCode":0,"level":"info","message":"👾 Game executed program.pacmanGame on /home/dodain/workspace/wollok-dev/wollok-workspace/migracion-proyectos/pacmanBasicGame","timeElapsed":180121,"timestamp":"2024-05-23T01:15:03.399Z"}
{"level":"error","message":"✘ Completions for node failed: Error: [If]{75a07d} at pgmProgram.wpgm:26 exhausted all cases without a match [If]{75a07d} at pgmProgram.wpgm:26 exhausted all cases without a match","stack":"Error: [If]{75a07d} at pgmProgram.wpgm:26 exhausted all cases without a match\n    at /home/dodain/.vscode/extensions/uqbar.wollok-lsp-ide-0.3.1/node_modules/wollok-ts/dist/extensions.js:85:11\n    at completionsForNode (/home/dodain/.vscode/extensions/uqbar.wollok-lsp-ide-0.3.1/server/out/functionalities/autocomplete/node-completion.js:10:44)\n    at completeForParent (/home/dodain/.vscode/extensions/uqbar.wollok-lsp-ide-0.3.1/server/out/functionalities/autocomplete/node-completion.js:50:43)\n    at completeBody (/home/dodain/.vscode/extensions/uqbar.wollok-lsp-ide-0.3.1/server/out/functionalities/autocomplete/node-completion.js:36:62)\n    at /home/dodain/.vscode/extensions/uqbar.wollok-lsp-ide-0.3.1/node_modules/wollok-ts/dist/extensions.js:84:20\n    at completionsForNode (/home/dodain/.vscode/extensions/uqbar.wollok-lsp-ide-0.3.1/server/out/functionalities/autocomplete/node-completion.js:10:44)\n    at completeForParent (/home/dodain/.vscode/extensions/uqbar.wollok-lsp-ide-0.3.1/server/out/functionalities/autocomplete/node-completion.js:50:43)\n    at completeReference (/home/dodain/.vscode/extensions/uqbar.wollok-lsp-ide-0.3.1/server/out/functionalities/autocomplete/node-completion.js:58:135)\n    at /home/dodain/.vscode/extensions/uqbar.wollok-lsp-ide-0.3.1/node_modules/wollok-ts/dist/extensions.js:84:20\n    at completionsForNode (/home/dodain/.vscode/extensions/uqbar.wollok-lsp-ide-0.3.1/server/out/functionalities/autocomplete/node-completion.js:10:44)","timestamp":"2024-05-23T01:15:47.388Z"}
{"level":"info","message":"onRequest - completionItem/resolve","timestamp":"2024-05-23T01:15:47.729Z"}
{"level":"info","message":"onRequest - completionItem/resolve","timestamp":"2024-05-23T01:15:47.868Z"}
{"level":"info","message":"onRequest - completionItem/resolve","timestamp":"2024-05-23T01:15:47.928Z"}
{"level":"info","message":"onRequest - completionItem/resolve","timestamp":"2024-05-23T01:15:48.077Z"}
{"level":"info","message":"onRequest - completionItem/resolve","timestamp":"2024-05-23T01:15:48.130Z"}
{"level":"info","message":"onRequest - completionItem/resolve","timestamp":"2024-05-23T01:15:48.638Z"}
{"level":"info","message":"onRequest - completionItem/resolve","timestamp":"2024-05-23T01:15:48.806Z"}
{"level":"info","message":"onRequest - completionItem/resolve","timestamp":"2024-05-23T01:15:50.083Z"}
{"level":"info","message":"onRequest - completionItem/resolve","timestamp":"2024-05-23T01:15:50.219Z"}
{"level":"info","message":"onRequest - completionItem/resolve","timestamp":"2024-05-23T01:15:50.280Z"}
{"level":"info","message":"onRequest - completionItem/resolve","timestamp":"2024-05-23T01:15:50.487Z"}
{"level":"info","message":"onRequest - completionItem/resolve","timestamp":"2024-05-23T01:15:50.583Z"}
{"level":"error","message":"✘ Completions for node failed: Error: [Send]{c6a794} at pgmProgram.wpgm:27 exhausted all cases without a match [Send]{c6a794} at pgmProgram.wpgm:27 exhausted all cases without a match","stack":"Error: [Send]{c6a794} at pgmProgram.wpgm:27 exhausted all cases without a match\n    at /home/dodain/.vscode/extensions/uqbar.wollok-lsp-ide-0.3.1/node_modules/wollok-ts/dist/extensions.js:85:11\n    at completionsForNode (/home/dodain/.vscode/extensions/uqbar.wollok-lsp-ide-0.3.1/server/out/functionalities/autocomplete/node-completion.js:10:44)\n    at /home/dodain/.vscode/extensions/uqbar.wollok-lsp-ide-0.3.1/server/out/functionalities/autocomplete/autocomplete.js:22:154\n    at /home/dodain/.vscode/extensions/uqbar.wollok-lsp-ide-0.3.1/server/out/server.js:198:20\n    at /home/dodain/.vscode/extensions/uqbar.wollok-lsp-ide-0.3.1/server/node_modules/vscode-languageserver/lib/common/server.js:593:20\n    at handleRequest (/home/dodain/.vscode/extensions/uqbar.wollok-lsp-ide-0.3.1/server/node_modules/vscode-jsonrpc/lib/common/connection.js:493:41)\n    at handleMessage (/home/dodain/.vscode/extensions/uqbar.wollok-lsp-ide-0.3.1/server/node_modules/vscode-jsonrpc/lib/common/connection.js:339:13)\n    at processMessageQueue (/home/dodain/.vscode/extensions/uqbar.wollok-lsp-ide-0.3.1/server/node_modules/vscode-jsonrpc/lib/common/connection.js:362:17)\n    at Immediate._onImmediate (/home/dodain/.vscode/extensions/uqbar.wollok-lsp-ide-0.3.1/server/node_modules/vscode-jsonrpc/lib/common/connection.js:334:13)\n    at process.processImmediate (node:internal/timers:476:21)","timestamp":"2024-05-23T01:16:04.656Z"}
{"level":"error","message":"✘ Completions for node failed: Error: [If]{e82b52} at pgmProgram.wpgm:26 exhausted all cases without a match [If]{e82b52} at pgmProgram.wpgm:26 exhausted all cases without a match","stack":"Error: [If]{e82b52} at pgmProgram.wpgm:26 exhausted all cases without a match\n    at /home/dodain/.vscode/extensions/uqbar.wollok-lsp-ide-0.3.1/node_modules/wollok-ts/dist/extensions.js:85:11\n    at completionsForNode (/home/dodain/.vscode/extensions/uqbar.wollok-lsp-ide-0.3.1/server/out/functionalities/autocomplete/node-completion.js:10:44)\n    at completeForParent (/home/dodain/.vscode/extensions/uqbar.wollok-lsp-ide-0.3.1/server/out/functionalities/autocomplete/node-completion.js:50:43)\n    at completeBody (/home/dodain/.vscode/extensions/uqbar.wollok-lsp-ide-0.3.1/server/out/functionalities/autocomplete/node-completion.js:36:62)\n    at /home/dodain/.vscode/extensions/uqbar.wollok-lsp-ide-0.3.1/node_modules/wollok-ts/dist/extensions.js:84:20\n    at completionsForNode (/home/dodain/.vscode/extensions/uqbar.wollok-lsp-ide-0.3.1/server/out/functionalities/autocomplete/node-completion.js:10:44)\n    at completeForParent (/home/dodain/.vscode/extensions/uqbar.wollok-lsp-ide-0.3.1/server/out/functionalities/autocomplete/node-completion.js:50:43)\n    at completionsForNode (/home/dodain/.vscode/extensions/uqbar.wollok-lsp-ide-0.3.1/server/out/functionalities/autocomplete/node-completion.js:14:46)\n    at /home/dodain/.vscode/extensions/uqbar.wollok-lsp-ide-0.3.1/server/out/functionalities/autocomplete/autocomplete.js:22:154\n    at /home/dodain/.vscode/extensions/uqbar.wollok-lsp-ide-0.3.1/server/out/server.js:198:20","timestamp":"2024-05-23T01:16:04.657Z"}
{"level":"info","message":"onRequest - completionItem/resolve","timestamp":"2024-05-23T01:16:04.733Z"}
{"level":"error","message":"✘ Completions for node failed: Error: [Send]{b79098} at pgmProgram.wpgm:27 exhausted all cases without a match [Send]{b79098} at pgmProgram.wpgm:27 exhausted all cases without a match","stack":"Error: [Send]{b79098} at pgmProgram.wpgm:27 exhausted all cases without a match\n    at /home/dodain/.vscode/extensions/uqbar.wollok-lsp-ide-0.3.1/node_modules/wollok-ts/dist/extensions.js:85:11\n    at completionsForNode (/home/dodain/.vscode/extensions/uqbar.wollok-lsp-ide-0.3.1/server/out/functionalities/autocomplete/node-completion.js:10:44)\n    at /home/dodain/.vscode/extensions/uqbar.wollok-lsp-ide-0.3.1/server/out/functionalities/autocomplete/autocomplete.js:22:154\n    at /home/dodain/.vscode/extensions/uqbar.wollok-lsp-ide-0.3.1/server/out/server.js:198:20\n    at /home/dodain/.vscode/extensions/uqbar.wollok-lsp-ide-0.3.1/server/node_modules/vscode-languageserver/lib/common/server.js:593:20\n    at handleRequest (/home/dodain/.vscode/extensions/uqbar.wollok-lsp-ide-0.3.1/server/node_modules/vscode-jsonrpc/lib/common/connection.js:493:41)\n    at handleMessage (/home/dodain/.vscode/extensions/uqbar.wollok-lsp-ide-0.3.1/server/node_modules/vscode-jsonrpc/lib/common/connection.js:339:13)\n    at processMessageQueue (/home/dodain/.vscode/extensions/uqbar.wollok-lsp-ide-0.3.1/server/node_modules/vscode-jsonrpc/lib/common/connection.js:362:17)\n    at Immediate._onImmediate (/home/dodain/.vscode/extensions/uqbar.wollok-lsp-ide-0.3.1/server/node_modules/vscode-jsonrpc/lib/common/connection.js:334:13)\n    at process.processImmediate (node:internal/timers:476:21)","timestamp":"2024-05-23T01:16:04.805Z"}
{"level":"error","message":"✘ Completions for node failed: Error: [If]{8d8913} at pgmProgram.wpgm:26 exhausted all cases without a match [If]{8d8913} at pgmProgram.wpgm:26 exhausted all cases without a match","stack":"Error: [If]{8d8913} at pgmProgram.wpgm:26 exhausted all cases without a match\n    at /home/dodain/.vscode/extensions/uqbar.wollok-lsp-ide-0.3.1/node_modules/wollok-ts/dist/extensions.js:85:11\n    at completionsForNode (/home/dodain/.vscode/extensions/uqbar.wollok-lsp-ide-0.3.1/server/out/functionalities/autocomplete/node-completion.js:10:44)\n    at completeForParent (/home/dodain/.vscode/extensions/uqbar.wollok-lsp-ide-0.3.1/server/out/functionalities/autocomplete/node-completion.js:50:43)\n    at completeBody (/home/dodain/.vscode/extensions/uqbar.wollok-lsp-ide-0.3.1/server/out/functionalities/autocomplete/node-completion.js:36:62)\n    at /home/dodain/.vscode/extensions/uqbar.wollok-lsp-ide-0.3.1/node_modules/wollok-ts/dist/extensions.js:84:20\n    at completionsForNode (/home/dodain/.vscode/extensions/uqbar.wollok-lsp-ide-0.3.1/server/out/functionalities/autocomplete/node-completion.js:10:44)\n    at completeForParent (/home/dodain/.vscode/extensions/uqbar.wollok-lsp-ide-0.3.1/server/out/functionalities/autocomplete/node-completion.js:50:43)\n    at completionsForNode (/home/dodain/.vscode/extensions/uqbar.wollok-lsp-ide-0.3.1/server/out/functionalities/autocomplete/node-completion.js:14:46)\n    at /home/dodain/.vscode/extensions/uqbar.wollok-lsp-ide-0.3.1/server/out/functionalities/autocomplete/autocomplete.js:22:154\n    at /home/dodain/.vscode/extensions/uqbar.wollok-lsp-ide-0.3.1/server/out/server.js:198:20","timestamp":"2024-05-23T01:16:04.805Z"}
{"level":"error","message":"✘ Completions for node failed: Error: [Send]{ee24a0} at pgmProgram.wpgm:27 exhausted all cases without a match [Send]{ee24a0} at pgmProgram.wpgm:27 exhausted all cases without a match","stack":"Error: [Send]{ee24a0} at pgmProgram.wpgm:27 exhausted all cases without a match\n    at /home/dodain/.vscode/extensions/uqbar.wollok-lsp-ide-0.3.1/node_modules/wollok-ts/dist/extensions.js:85:11\n    at completionsForNode (/home/dodain/.vscode/extensions/uqbar.wollok-lsp-ide-0.3.1/server/out/functionalities/autocomplete/node-completion.js:10:44)\n    at /home/dodain/.vscode/extensions/uqbar.wollok-lsp-ide-0.3.1/server/out/functionalities/autocomplete/autocomplete.js:22:154\n    at /home/dodain/.vscode/extensions/uqbar.wollok-lsp-ide-0.3.1/server/out/server.js:198:20\n    at /home/dodain/.vscode/extensions/uqbar.wollok-lsp-ide-0.3.1/server/node_modules/vscode-languageserver/lib/common/server.js:593:20\n    at handleRequest (/home/dodain/.vscode/extensions/uqbar.wollok-lsp-ide-0.3.1/server/node_modules/vscode-jsonrpc/lib/common/connection.js:493:41)\n    at handleMessage (/home/dodain/.vscode/extensions/uqbar.wollok-lsp-ide-0.3.1/server/node_modules/vscode-jsonrpc/lib/common/connection.js:339:13)\n    at processMessageQueue (/home/dodain/.vscode/extensions/uqbar.wollok-lsp-ide-0.3.1/server/node_modules/vscode-jsonrpc/lib/common/connection.js:362:17)\n    at Immediate._onImmediate (/home/dodain/.vscode/extensions/uqbar.wollok-lsp-ide-0.3.1/server/node_modules/vscode-jsonrpc/lib/common/connection.js:334:13)\n    at process.processImmediate (node:internal/timers:476:21)","timestamp":"2024-05-23T01:16:05.054Z"}
{"level":"error","message":"✘ Completions for node failed: Error: [If]{7bf30d} at pgmProgram.wpgm:26 exhausted all cases without a match [If]{7bf30d} at pgmProgram.wpgm:26 exhausted all cases without a match","stack":"Error: [If]{7bf30d} at pgmProgram.wpgm:26 exhausted all cases without a match\n    at /home/dodain/.vscode/extensions/uqbar.wollok-lsp-ide-0.3.1/node_modules/wollok-ts/dist/extensions.js:85:11\n    at completionsForNode (/home/dodain/.vscode/extensions/uqbar.wollok-lsp-ide-0.3.1/server/out/functionalities/autocomplete/node-completion.js:10:44)\n    at completeForParent (/home/dodain/.vscode/extensions/uqbar.wollok-lsp-ide-0.3.1/server/out/functionalities/autocomplete/node-completion.js:50:43)\n    at completeBody (/home/dodain/.vscode/extensions/uqbar.wollok-lsp-ide-0.3.1/server/out/functionalities/autocomplete/node-completion.js:36:62)\n    at /home/dodain/.vscode/extensions/uqbar.wollok-lsp-ide-0.3.1/node_modules/wollok-ts/dist/extensions.js:84:20\n    at completionsForNode (/home/dodain/.vscode/extensions/uqbar.wollok-lsp-ide-0.3.1/server/out/functionalities/autocomplete/node-completion.js:10:44)\n    at completeForParent (/home/dodain/.vscode/extensions/uqbar.wollok-lsp-ide-0.3.1/server/out/functionalities/autocomplete/node-completion.js:50:43)\n    at completionsForNode (/home/dodain/.vscode/extensions/uqbar.wollok-lsp-ide-0.3.1/server/out/functionalities/autocomplete/node-completion.js:14:46)\n    at /home/dodain/.vscode/extensions/uqbar.wollok-lsp-ide-0.3.1/server/out/functionalities/autocomplete/autocomplete.js:22:154\n    at /home/dodain/.vscode/extensions/uqbar.wollok-lsp-ide-0.3.1/server/out/server.js:198:20","timestamp":"2024-05-23T01:16:05.055Z"}
{"level":"error","message":"✘ Completions for node failed: Error: [Send]{c0660d} at pgmProgram.wpgm:27 exhausted all cases without a match [Send]{c0660d} at pgmProgram.wpgm:27 exhausted all cases without a match","stack":"Error: [Send]{c0660d} at pgmProgram.wpgm:27 exhausted all cases without a match\n    at /home/dodain/.vscode/extensions/uqbar.wollok-lsp-ide-0.3.1/node_modules/wollok-ts/dist/extensions.js:85:11\n    at completionsForNode (/home/dodain/.vscode/extensions/uqbar.wollok-lsp-ide-0.3.1/server/out/functionalities/autocomplete/node-completion.js:10:44)\n    at completeForParent (/home/dodain/.vscode/extensions/uqbar.wollok-lsp-ide-0.3.1/server/out/functionalities/autocomplete/node-completion.js:50:43)\n    at completeReference (/home/dodain/.vscode/extensions/uqbar.wollok-lsp-ide-0.3.1/server/out/functionalities/autocomplete/node-completion.js:58:135)\n    at /home/dodain/.vscode/extensions/uqbar.wollok-lsp-ide-0.3.1/node_modules/wollok-ts/dist/extensions.js:84:20\n    at completionsForNode (/home/dodain/.vscode/extensions/uqbar.wollok-lsp-ide-0.3.1/server/out/functionalities/autocomplete/node-completion.js:10:44)\n    at /home/dodain/.vscode/extensions/uqbar.wollok-lsp-ide-0.3.1/server/out/functionalities/autocomplete/autocomplete.js:22:154\n    at /home/dodain/.vscode/extensions/uqbar.wollok-lsp-ide-0.3.1/server/out/server.js:198:20\n    at /home/dodain/.vscode/extensions/uqbar.wollok-lsp-ide-0.3.1/server/node_modules/vscode-languageserver/lib/common/server.js:593:20\n    at handleRequest (/home/dodain/.vscode/extensions/uqbar.wollok-lsp-ide-0.3.1/server/node_modules/vscode-jsonrpc/lib/common/connection.js:493:41)","timestamp":"2024-05-23T01:16:08.067Z"}
{"level":"error","message":"✘ Completions for node failed: Error: [If]{47d252} at pgmProgram.wpgm:26 exhausted all cases without a match [If]{47d252} at pgmProgram.wpgm:26 exhausted all cases without a match","stack":"Error: [If]{47d252} at pgmProgram.wpgm:26 exhausted all cases without a match\n    at /home/dodain/.vscode/extensions/uqbar.wollok-lsp-ide-0.3.1/node_modules/wollok-ts/dist/extensions.js:85:11\n    at completionsForNode (/home/dodain/.vscode/extensions/uqbar.wollok-lsp-ide-0.3.1/server/out/functionalities/autocomplete/node-completion.js:10:44)\n    at completeForParent (/home/dodain/.vscode/extensions/uqbar.wollok-lsp-ide-0.3.1/server/out/functionalities/autocomplete/node-completion.js:50:43)\n    at completeBody (/home/dodain/.vscode/extensions/uqbar.wollok-lsp-ide-0.3.1/server/out/functionalities/autocomplete/node-completion.js:36:62)\n    at /home/dodain/.vscode/extensions/uqbar.wollok-lsp-ide-0.3.1/node_modules/wollok-ts/dist/extensions.js:84:20\n    at completionsForNode (/home/dodain/.vscode/extensions/uqbar.wollok-lsp-ide-0.3.1/server/out/functionalities/autocomplete/node-completion.js:10:44)\n    at completeForParent (/home/dodain/.vscode/extensions/uqbar.wollok-lsp-ide-0.3.1/server/out/functionalities/autocomplete/node-completion.js:50:43)\n    at completionsForNode (/home/dodain/.vscode/extensions/uqbar.wollok-lsp-ide-0.3.1/server/out/functionalities/autocomplete/node-completion.js:14:46)\n    at completeForParent (/home/dodain/.vscode/extensions/uqbar.wollok-lsp-ide-0.3.1/server/out/functionalities/autocomplete/node-completion.js:50:43)\n    at completeReference (/home/dodain/.vscode/extensions/uqbar.wollok-lsp-ide-0.3.1/server/out/functionalities/autocomplete/node-completion.js:58:135)","timestamp":"2024-05-23T01:16:08.068Z"}
{"level":"info","message":"onRequest - completionItem/resolve","timestamp":"2024-05-23T01:16:08.198Z"}
{"level":"info","message":"onRequest - completionItem/resolve","timestamp":"2024-05-23T01:16:08.295Z"}
{"level":"info","message":"onRequest - completionItem/resolve","timestamp":"2024-05-23T01:16:08.628Z"}
{"level":"error","message":"✘ Completions for node failed: Error: [If]{22ecfe} at pgmProgram.wpgm:26 exhausted all cases without a match [If]{22ecfe} at pgmProgram.wpgm:26 exhausted all cases without a match","stack":"Error: [If]{22ecfe} at pgmProgram.wpgm:26 exhausted all cases without a match\n    at /home/dodain/.vscode/extensions/uqbar.wollok-lsp-ide-0.3.1/node_modules/wollok-ts/dist/extensions.js:85:11\n    at completionsForNode (/home/dodain/.vscode/extensions/uqbar.wollok-lsp-ide-0.3.1/server/out/functionalities/autocomplete/node-completion.js:10:44)\n    at completeForParent (/home/dodain/.vscode/extensions/uqbar.wollok-lsp-ide-0.3.1/server/out/functionalities/autocomplete/node-completion.js:50:43)\n    at completeBody (/home/dodain/.vscode/extensions/uqbar.wollok-lsp-ide-0.3.1/server/out/functionalities/autocomplete/node-completion.js:36:62)\n    at /home/dodain/.vscode/extensions/uqbar.wollok-lsp-ide-0.3.1/node_modules/wollok-ts/dist/extensions.js:84:20\n    at completionsForNode (/home/dodain/.vscode/extensions/uqbar.wollok-lsp-ide-0.3.1/server/out/functionalities/autocomplete/node-completion.js:10:44)\n    at /home/dodain/.vscode/extensions/uqbar.wollok-lsp-ide-0.3.1/server/out/functionalities/autocomplete/autocomplete.js:22:154\n    at /home/dodain/.vscode/extensions/uqbar.wollok-lsp-ide-0.3.1/server/out/server.js:198:20\n    at /home/dodain/.vscode/extensions/uqbar.wollok-lsp-ide-0.3.1/server/node_modules/vscode-languageserver/lib/common/server.js:593:20\n    at handleRequest (/home/dodain/.vscode/extensions/uqbar.wollok-lsp-ide-0.3.1/server/node_modules/vscode-jsonrpc/lib/common/connection.js:493:41)","timestamp":"2024-05-23T01:16:09.802Z"}
{"level":"info","message":"onRequest - completionItem/resolve","timestamp":"2024-05-23T01:16:09.872Z"}
{"level":"info","message":"onRequest - completionItem/resolve","timestamp":"2024-05-23T01:16:09.923Z"}
{"level":"info","message":"onRequest - completionItem/resolve","timestamp":"2024-05-23T01:16:09.980Z"}
{"level":"info","message":"onRequest - completionItem/resolve","timestamp":"2024-05-23T01:16:10.276Z"}
{"level":"info","message":"onRequest - completionItem/resolve","timestamp":"2024-05-23T01:16:10.337Z"}
{"level":"info","message":"onRequest - completionItem/resolve","timestamp":"2024-05-23T01:16:10.390Z"}
{"exitCode":"SIGHUP","level":"info","message":"👾 Game executed pgmProgram.pacmanGame on /home/dodain/workspace/wollok-dev/wollok-workspace/migracion-proyectos/pacmanBasicGame","timeElapsed":63183,"timestamp":"2024-05-23T01:16:23.909Z"}
{"exitCode":0,"level":"info","message":"👾 Game executed pgmProgram.pacmanGame on /home/dodain/workspace/wollok-dev/wollok-workspace/migracion-proyectos/pacmanBasicGame","timeElapsed":9741,"timestamp":"2024-05-23T01:16:37.092Z"}
{"level":"error","message":"✘ Completions for node failed: Error: [If]{2c8726} at pgmProgram.wpgm:27 exhausted all cases without a match [If]{2c8726} at pgmProgram.wpgm:27 exhausted all cases without a match","stack":"Error: [If]{2c8726} at pgmProgram.wpgm:27 exhausted all cases without a match\n    at /home/dodain/.vscode/extensions/uqbar.wollok-lsp-ide-0.3.1/node_modules/wollok-ts/dist/extensions.js:85:11\n    at completionsForNode (/home/dodain/.vscode/extensions/uqbar.wollok-lsp-ide-0.3.1/server/out/functionalities/autocomplete/node-completion.js:10:44)\n    at completeForParent (/home/dodain/.vscode/extensions/uqbar.wollok-lsp-ide-0.3.1/server/out/functionalities/autocomplete/node-completion.js:50:43)\n    at completeBody (/home/dodain/.vscode/extensions/uqbar.wollok-lsp-ide-0.3.1/server/out/functionalities/autocomplete/node-completion.js:36:62)\n    at /home/dodain/.vscode/extensions/uqbar.wollok-lsp-ide-0.3.1/node_modules/wollok-ts/dist/extensions.js:84:20\n    at completionsForNode (/home/dodain/.vscode/extensions/uqbar.wollok-lsp-ide-0.3.1/server/out/functionalities/autocomplete/node-completion.js:10:44)\n    at completeForParent (/home/dodain/.vscode/extensions/uqbar.wollok-lsp-ide-0.3.1/server/out/functionalities/autocomplete/node-completion.js:50:43)\n    at completeReference (/home/dodain/.vscode/extensions/uqbar.wollok-lsp-ide-0.3.1/server/out/functionalities/autocomplete/node-completion.js:58:135)\n    at /home/dodain/.vscode/extensions/uqbar.wollok-lsp-ide-0.3.1/node_modules/wollok-ts/dist/extensions.js:84:20\n    at completionsForNode (/home/dodain/.vscode/extensions/uqbar.wollok-lsp-ide-0.3.1/server/out/functionalities/autocomplete/node-completion.js:10:44)","timestamp":"2024-05-23T01:16:55.021Z"}
{"level":"info","message":"onRequest - completionItem/resolve","timestamp":"2024-05-23T01:16:55.213Z"}
{"level":"info","message":"onRequest - completionItem/resolve","timestamp":"2024-05-23T01:16:55.299Z"}
{"level":"info","message":"onRequest - completionItem/resolve","timestamp":"2024-05-23T01:16:55.388Z"}
{"level":"info","message":"onRequest - completionItem/resolve","timestamp":"2024-05-23T01:16:55.442Z"}
{"level":"info","message":"onRequest - completionItem/resolve","timestamp":"2024-05-23T01:16:55.805Z"}
{"level":"info","message":"onRequest - completionItem/resolve","timestamp":"2024-05-23T01:16:56.393Z"}
{"level":"info","message":"onRequest - completionItem/resolve","timestamp":"2024-05-23T01:16:56.725Z"}
{"level":"info","message":"onRequest - completionItem/resolve","timestamp":"2024-05-23T01:16:56.865Z"}
{"level":"info","message":"onRequest - completionItem/resolve","timestamp":"2024-05-23T01:16:57.364Z"}
{"level":"info","message":"onRequest - completionItem/resolve","timestamp":"2024-05-23T01:16:57.394Z"}
{"level":"info","message":"onRequest - completionItem/resolve","timestamp":"2024-05-23T01:16:57.424Z"}
{"level":"info","message":"onRequest - completionItem/resolve","timestamp":"2024-05-23T01:16:57.456Z"}
{"level":"info","message":"onRequest - completionItem/resolve","timestamp":"2024-05-23T01:16:57.487Z"}
{"level":"info","message":"onRequest - completionItem/resolve","timestamp":"2024-05-23T01:16:57.518Z"}
{"level":"info","message":"onRequest - completionItem/resolve","timestamp":"2024-05-23T01:16:57.548Z"}
{"level":"info","message":"onRequest - completionItem/resolve","timestamp":"2024-05-23T01:16:57.579Z"}
{"level":"info","message":"onRequest - completionItem/resolve","timestamp":"2024-05-23T01:16:57.610Z"}
{"level":"info","message":"onRequest - completionItem/resolve","timestamp":"2024-05-23T01:16:57.641Z"}
{"level":"info","message":"onRequest - completionItem/resolve","timestamp":"2024-05-23T01:16:57.672Z"}
{"level":"info","message":"onRequest - completionItem/resolve","timestamp":"2024-05-23T01:16:57.701Z"}
{"level":"info","message":"onRequest - completionItem/resolve","timestamp":"2024-05-23T01:16:57.731Z"}
{"level":"info","message":"onRequest - completionItem/resolve","timestamp":"2024-05-23T01:16:57.910Z"}
{"level":"info","message":"onRequest - completionItem/resolve","timestamp":"2024-05-23T01:16:58.095Z"}
{"level":"info","message":"onRequest - completionItem/resolve","timestamp":"2024-05-23T01:16:58.246Z"}
{"level":"info","message":"onRequest - completionItem/resolve","timestamp":"2024-05-23T01:16:58.420Z"}
{"level":"info","message":"onRequest - completionItem/resolve","timestamp":"2024-05-23T01:16:59.561Z"}
{"level":"info","message":"onRequest - completionItem/resolve","timestamp":"2024-05-23T01:16:59.722Z"}
{"level":"info","message":"onRequest - completionItem/resolve","timestamp":"2024-05-23T01:16:59.890Z"}
{"level":"info","message":"onRequest - completionItem/resolve","timestamp":"2024-05-23T01:17:03.107Z"}
{"level":"info","message":"onRequest - completionItem/resolve","timestamp":"2024-05-23T01:17:03.278Z"}
{"level":"info","message":"onRequest - completionItem/resolve","timestamp":"2024-05-23T01:17:03.444Z"}
{"level":"info","message":"onRequest - completionItem/resolve","timestamp":"2024-05-23T01:17:03.613Z"}
{"level":"info","message":"onRequest - completionItem/resolve","timestamp":"2024-05-23T01:17:03.785Z"}
{"level":"info","message":"onRequest - completionItem/resolve","timestamp":"2024-05-23T01:17:03.956Z"}
{"level":"info","message":"onRequest - completionItem/resolve","timestamp":"2024-05-23T01:17:04.125Z"}
{"level":"info","message":"onRequest - completionItem/resolve","timestamp":"2024-05-23T01:17:04.298Z"}
{"level":"info","message":"onRequest - completionItem/resolve","timestamp":"2024-05-23T01:17:04.464Z"}
{"level":"info","message":"onRequest - completionItem/resolve","timestamp":"2024-05-23T01:17:04.645Z"}
{"level":"info","message":"onRequest - completionItem/resolve","timestamp":"2024-05-23T01:17:04.811Z"}
{"level":"info","message":"onRequest - completionItem/resolve","timestamp":"2024-05-23T01:17:05.007Z"}
{"level":"info","message":"onRequest - completionItem/resolve","timestamp":"2024-05-23T01:17:05.176Z"}
{"level":"info","message":"onRequest - completionItem/resolve","timestamp":"2024-05-23T01:17:05.338Z"}
{"level":"info","message":"onRequest - completionItem/resolve","timestamp":"2024-05-23T01:17:05.510Z"}
{"level":"info","message":"onRequest - completionItem/resolve","timestamp":"2024-05-23T01:17:05.686Z"}
{"level":"info","message":"onRequest - completionItem/resolve","timestamp":"2024-05-23T01:17:05.857Z"}
{"level":"info","message":"onRequest - completionItem/resolve","timestamp":"2024-05-23T01:17:06.029Z"}
{"level":"info","message":"onRequest - completionItem/resolve","timestamp":"2024-05-23T01:17:06.203Z"}
{"level":"info","message":"onRequest - completionItem/resolve","timestamp":"2024-05-23T01:17:06.387Z"}
{"level":"info","message":"onRequest - completionItem/resolve","timestamp":"2024-05-23T01:17:06.568Z"}
{"level":"info","message":"onRequest - completionItem/resolve","timestamp":"2024-05-23T01:17:06.755Z"}
{"level":"info","message":"onRequest - completionItem/resolve","timestamp":"2024-05-23T01:17:06.963Z"}
{"level":"info","message":"onRequest - completionItem/resolve","timestamp":"2024-05-23T01:17:07.168Z"}
{"level":"info","message":"onRequest - completionItem/resolve","timestamp":"2024-05-23T01:17:07.387Z"}
{"level":"info","message":"onRequest - completionItem/resolve","timestamp":"2024-05-23T01:17:07.542Z"}
{"level":"info","message":"onRequest - completionItem/resolve","timestamp":"2024-05-23T01:17:08.042Z"}
{"level":"info","message":"onRequest - completionItem/resolve","timestamp":"2024-05-23T01:17:08.073Z"}
{"level":"info","message":"onRequest - completionItem/resolve","timestamp":"2024-05-23T01:17:08.105Z"}
{"level":"info","message":"onRequest - completionItem/resolve","timestamp":"2024-05-23T01:17:08.136Z"}
{"level":"info","message":"onRequest - completionItem/resolve","timestamp":"2024-05-23T01:17:08.166Z"}
{"level":"info","message":"onRequest - completionItem/resolve","timestamp":"2024-05-23T01:17:08.195Z"}
{"level":"info","message":"onRequest - completionItem/resolve","timestamp":"2024-05-23T01:17:08.224Z"}
{"level":"info","message":"onRequest - completionItem/resolve","timestamp":"2024-05-23T01:17:08.266Z"}
{"level":"info","message":"onRequest - completionItem/resolve","timestamp":"2024-05-23T01:17:08.287Z"}
{"level":"info","message":"onRequest - completionItem/resolve","timestamp":"2024-05-23T01:17:08.316Z"}
{"level":"info","message":"onRequest - completionItem/resolve","timestamp":"2024-05-23T01:17:08.349Z"}
{"level":"info","message":"onRequest - completionItem/resolve","timestamp":"2024-05-23T01:17:08.376Z"}
{"level":"info","message":"onRequest - completionItem/resolve","timestamp":"2024-05-23T01:17:08.407Z"}
{"level":"info","message":"onRequest - completionItem/resolve","timestamp":"2024-05-23T01:17:08.440Z"}
{"level":"info","message":"onRequest - completionItem/resolve","timestamp":"2024-05-23T01:17:08.470Z"}
{"level":"info","message":"onRequest - completionItem/resolve","timestamp":"2024-05-23T01:17:08.501Z"}
{"level":"info","message":"onRequest - completionItem/resolve","timestamp":"2024-05-23T01:17:08.530Z"}
{"level":"info","message":"onRequest - completionItem/resolve","timestamp":"2024-05-23T01:17:08.560Z"}
{"level":"info","message":"onRequest - completionItem/resolve","timestamp":"2024-05-23T01:17:08.824Z"}
{"level":"info","message":"onRequest - completionItem/resolve","timestamp":"2024-05-23T01:17:09.696Z"}
{"level":"info","message":"onRequest - completionItem/resolve","timestamp":"2024-05-23T01:17:10.197Z"}
{"level":"info","message":"onRequest - completionItem/resolve","timestamp":"2024-05-23T01:17:10.226Z"}
{"level":"info","message":"onRequest - completionItem/resolve","timestamp":"2024-05-23T01:17:10.256Z"}
{"level":"info","message":"onRequest - completionItem/resolve","timestamp":"2024-05-23T01:17:10.285Z"}
{"level":"info","message":"onRequest - completionItem/resolve","timestamp":"2024-05-23T01:17:10.316Z"}
{"level":"info","message":"onRequest - completionItem/resolve","timestamp":"2024-05-23T01:17:10.347Z"}
{"level":"info","message":"onRequest - completionItem/resolve","timestamp":"2024-05-23T01:17:10.376Z"}
{"level":"info","message":"onRequest - completionItem/resolve","timestamp":"2024-05-23T01:17:10.740Z"}
{"level":"info","message":"onRequest - completionItem/resolve","timestamp":"2024-05-23T01:17:10.876Z"}
{"level":"info","message":"onRequest - completionItem/resolve","timestamp":"2024-05-23T01:17:11.396Z"}
{"level":"info","message":"onRequest - completionItem/resolve","timestamp":"2024-05-23T01:17:11.896Z"}
{"level":"info","message":"onRequest - completionItem/resolve","timestamp":"2024-05-23T01:17:11.927Z"}
{"level":"info","message":"onRequest - completionItem/resolve","timestamp":"2024-05-23T01:17:11.957Z"}
{"level":"info","message":"onRequest - completionItem/resolve","timestamp":"2024-05-23T01:17:11.988Z"}
{"level":"info","message":"onRequest - completionItem/resolve","timestamp":"2024-05-23T01:17:12.019Z"}
{"level":"info","message":"onRequest - completionItem/resolve","timestamp":"2024-05-23T01:17:12.055Z"}
{"level":"info","message":"onRequest - completionItem/resolve","timestamp":"2024-05-23T01:17:12.078Z"}
{"level":"info","message":"onRequest - completionItem/resolve","timestamp":"2024-05-23T01:17:12.109Z"}
{"level":"info","message":"onRequest - completionItem/resolve","timestamp":"2024-05-23T01:17:12.142Z"}
{"level":"info","message":"onRequest - completionItem/resolve","timestamp":"2024-05-23T01:17:12.172Z"}
{"level":"info","message":"onRequest - completionItem/resolve","timestamp":"2024-05-23T01:17:12.203Z"}
{"level":"info","message":"onRequest - completionItem/resolve","timestamp":"2024-05-23T01:17:12.234Z"}
{"level":"info","message":"onRequest - completionItem/resolve","timestamp":"2024-05-23T01:17:12.264Z"}
{"level":"info","message":"onRequest - completionItem/resolve","timestamp":"2024-05-23T01:17:12.294Z"}
{"level":"info","message":"onRequest - completionItem/resolve","timestamp":"2024-05-23T01:17:12.323Z"}
{"level":"info","message":"onRequest - completionItem/resolve","timestamp":"2024-05-23T01:17:12.373Z"}
{"level":"info","message":"onRequest - completionItem/resolve","timestamp":"2024-05-23T01:17:12.383Z"}
{"level":"info","message":"onRequest - completionItem/resolve","timestamp":"2024-05-23T01:17:12.414Z"}
{"level":"info","message":"onRequest - completionItem/resolve","timestamp":"2024-05-23T01:17:12.445Z"}
{"level":"info","message":"onRequest - completionItem/resolve","timestamp":"2024-05-23T01:17:12.476Z"}
{"level":"info","message":"onRequest - completionItem/resolve","timestamp":"2024-05-23T01:17:12.506Z"}
{"level":"info","message":"onRequest - completionItem/resolve","timestamp":"2024-05-23T01:17:12.537Z"}
{"level":"info","message":"onRequest - completionItem/resolve","timestamp":"2024-05-23T01:17:12.575Z"}
{"level":"info","message":"onRequest - completionItem/resolve","timestamp":"2024-05-23T01:17:12.596Z"}
{"level":"info","message":"onRequest - completionItem/resolve","timestamp":"2024-05-23T01:17:12.635Z"}
{"level":"info","message":"onRequest - completionItem/resolve","timestamp":"2024-05-23T01:17:12.672Z"}
{"level":"info","message":"onRequest - completionItem/resolve","timestamp":"2024-05-23T01:17:12.710Z"}
{"level":"info","message":"onRequest - completionItem/resolve","timestamp":"2024-05-23T01:17:12.719Z"}
{"level":"info","message":"onRequest - completionItem/resolve","timestamp":"2024-05-23T01:17:12.750Z"}
{"level":"info","message":"onRequest - completionItem/resolve","timestamp":"2024-05-23T01:17:12.787Z"}
{"level":"info","message":"onRequest - completionItem/resolve","timestamp":"2024-05-23T01:17:12.811Z"}
{"level":"info","message":"onRequest - completionItem/resolve","timestamp":"2024-05-23T01:17:12.997Z"}
{"level":"info","message":"onRequest - completionItem/resolve","timestamp":"2024-05-23T01:17:13.498Z"}
{"level":"info","message":"onRequest - completionItem/resolve","timestamp":"2024-05-23T01:17:13.527Z"}
{"level":"info","message":"onRequest - completionItem/resolve","timestamp":"2024-05-23T01:17:13.558Z"}
{"level":"info","message":"onRequest - completionItem/resolve","timestamp":"2024-05-23T01:17:13.588Z"}
{"level":"info","message":"onRequest - completionItem/resolve","timestamp":"2024-05-23T01:17:13.618Z"}
{"level":"info","message":"onRequest - completionItem/resolve","timestamp":"2024-05-23T01:17:13.650Z"}
{"level":"info","message":"onRequest - completionItem/resolve","timestamp":"2024-05-23T01:17:13.679Z"}
{"level":"info","message":"onRequest - completionItem/resolve","timestamp":"2024-05-23T01:17:13.708Z"}
{"level":"info","message":"onRequest - completionItem/resolve","timestamp":"2024-05-23T01:17:13.739Z"}
{"level":"info","message":"onRequest - completionItem/resolve","timestamp":"2024-05-23T01:17:13.770Z"}
{"level":"info","message":"onRequest - completionItem/resolve","timestamp":"2024-05-23T01:17:13.801Z"}
{"level":"info","message":"onRequest - completionItem/resolve","timestamp":"2024-05-23T01:17:13.832Z"}
{"level":"info","message":"onRequest - completionItem/resolve","timestamp":"2024-05-23T01:17:13.862Z"}
{"level":"info","message":"onRequest - completionItem/resolve","timestamp":"2024-05-23T01:17:13.892Z"}
{"level":"info","message":"onRequest - completionItem/resolve","timestamp":"2024-05-23T01:17:13.922Z"}
{"level":"info","message":"onRequest - completionItem/resolve","timestamp":"2024-05-23T01:17:13.951Z"}
{"level":"info","message":"onRequest - completionItem/resolve","timestamp":"2024-05-23T01:17:13.981Z"}
{"level":"info","message":"onRequest - completionItem/resolve","timestamp":"2024-05-23T01:17:14.012Z"}
{"level":"info","message":"onRequest - completionItem/resolve","timestamp":"2024-05-23T01:17:14.042Z"}
{"level":"info","message":"onRequest - completionItem/resolve","timestamp":"2024-05-23T01:17:14.072Z"}
{"level":"info","message":"onRequest - completionItem/resolve","timestamp":"2024-05-23T01:17:14.103Z"}
{"level":"info","message":"onRequest - completionItem/resolve","timestamp":"2024-05-23T01:17:14.134Z"}
{"level":"info","message":"onRequest - completionItem/resolve","timestamp":"2024-05-23T01:17:14.164Z"}
{"level":"info","message":"onRequest - completionItem/resolve","timestamp":"2024-05-23T01:17:14.193Z"}
{"level":"info","message":"onRequest - completionItem/resolve","timestamp":"2024-05-23T01:17:14.225Z"}
{"level":"info","message":"onRequest - completionItem/resolve","timestamp":"2024-05-23T01:17:14.256Z"}
{"level":"info","message":"onRequest - completionItem/resolve","timestamp":"2024-05-23T01:17:14.453Z"}
{"level":"info","message":"onRequest - completionItem/resolve","timestamp":"2024-05-23T01:17:14.951Z"}
{"level":"info","message":"onRequest - completionItem/resolve","timestamp":"2024-05-23T01:17:14.981Z"}
{"level":"info","message":"onRequest - completionItem/resolve","timestamp":"2024-05-23T01:17:15.012Z"}
{"level":"info","message":"onRequest - completionItem/resolve","timestamp":"2024-05-23T01:17:15.041Z"}
{"level":"info","message":"onRequest - completionItem/resolve","timestamp":"2024-05-23T01:17:15.071Z"}
{"level":"info","message":"onRequest - completionItem/resolve","timestamp":"2024-05-23T01:17:15.103Z"}
{"level":"info","message":"onRequest - completionItem/resolve","timestamp":"2024-05-23T01:17:15.134Z"}
{"level":"info","message":"onRequest - completionItem/resolve","timestamp":"2024-05-23T01:17:15.165Z"}
{"level":"info","message":"onRequest - completionItem/resolve","timestamp":"2024-05-23T01:17:15.196Z"}
{"level":"info","message":"onRequest - completionItem/resolve","timestamp":"2024-05-23T01:17:15.226Z"}
{"level":"info","message":"onRequest - completionItem/resolve","timestamp":"2024-05-23T01:17:15.255Z"}
{"level":"info","message":"onRequest - completionItem/resolve","timestamp":"2024-05-23T01:17:15.284Z"}
{"level":"info","message":"onRequest - completionItem/resolve","timestamp":"2024-05-23T01:17:15.315Z"}
{"level":"info","message":"onRequest - completionItem/resolve","timestamp":"2024-05-23T01:17:15.346Z"}
{"level":"info","message":"onRequest - completionItem/resolve","timestamp":"2024-05-23T01:17:15.374Z"}
{"level":"info","message":"onRequest - completionItem/resolve","timestamp":"2024-05-23T01:17:15.404Z"}
{"level":"info","message":"onRequest - completionItem/resolve","timestamp":"2024-05-23T01:17:15.436Z"}
{"level":"info","message":"onRequest - completionItem/resolve","timestamp":"2024-05-23T01:17:15.464Z"}
{"level":"info","message":"onRequest - completionItem/resolve","timestamp":"2024-05-23T01:17:15.497Z"}
{"level":"info","message":"onRequest - completionItem/resolve","timestamp":"2024-05-23T01:17:15.529Z"}
{"level":"info","message":"onRequest - completionItem/resolve","timestamp":"2024-05-23T01:17:15.558Z"}
{"level":"info","message":"onRequest - completionItem/resolve","timestamp":"2024-05-23T01:17:15.617Z"}
{"level":"info","message":"onRequest - completionItem/resolve","timestamp":"2024-05-23T01:17:15.622Z"}
{"level":"info","message":"onRequest - completionItem/resolve","timestamp":"2024-05-23T01:17:15.649Z"}
{"level":"info","message":"onRequest - completionItem/resolve","timestamp":"2024-05-23T01:17:15.679Z"}
{"level":"info","message":"onRequest - completionItem/resolve","timestamp":"2024-05-23T01:17:15.710Z"}
{"level":"info","message":"onRequest - completionItem/resolve","timestamp":"2024-05-23T01:17:15.740Z"}
{"level":"info","message":"onRequest - completionItem/resolve","timestamp":"2024-05-23T01:17:15.770Z"}
{"level":"info","message":"onRequest - completionItem/resolve","timestamp":"2024-05-23T01:17:15.800Z"}
{"level":"info","message":"onRequest - completionItem/resolve","timestamp":"2024-05-23T01:17:15.834Z"}
{"level":"info","message":"onRequest - completionItem/resolve","timestamp":"2024-05-23T01:17:15.863Z"}
{"level":"info","message":"onRequest - completionItem/resolve","timestamp":"2024-05-23T01:17:15.892Z"}
{"level":"info","message":"onRequest - completionItem/resolve","timestamp":"2024-05-23T01:17:15.923Z"}
{"level":"info","message":"onRequest - completionItem/resolve","timestamp":"2024-05-23T01:17:15.951Z"}
{"level":"info","message":"onRequest - completionItem/resolve","timestamp":"2024-05-23T01:17:15.983Z"}
{"level":"info","message":"onRequest - completionItem/resolve","timestamp":"2024-05-23T01:17:16.015Z"}
{"level":"info","message":"onRequest - completionItem/resolve","timestamp":"2024-05-23T01:17:16.045Z"}
{"level":"info","message":"onRequest - completionItem/resolve","timestamp":"2024-05-23T01:17:16.073Z"}
{"level":"info","message":"onRequest - completionItem/resolve","timestamp":"2024-05-23T01:17:16.103Z"}
{"level":"info","message":"onRequest - completionItem/resolve","timestamp":"2024-05-23T01:17:16.134Z"}
{"level":"info","message":"onRequest - completionItem/resolve","timestamp":"2024-05-23T01:17:16.164Z"}
{"level":"info","message":"onRequest - completionItem/resolve","timestamp":"2024-05-23T01:17:16.194Z"}
{"level":"info","message":"onRequest - completionItem/resolve","timestamp":"2024-05-23T01:17:16.224Z"}
{"level":"info","message":"onRequest - completionItem/resolve","timestamp":"2024-05-23T01:17:16.254Z"}
{"level":"info","message":"onRequest - completionItem/resolve","timestamp":"2024-05-23T01:17:16.285Z"}
{"level":"info","message":"onRequest - completionItem/resolve","timestamp":"2024-05-23T01:17:16.316Z"}
{"level":"info","message":"onRequest - completionItem/resolve","timestamp":"2024-05-23T01:17:16.347Z"}
{"level":"info","message":"onRequest - completionItem/resolve","timestamp":"2024-05-23T01:17:16.375Z"}
{"level":"info","message":"onRequest - completionItem/resolve","timestamp":"2024-05-23T01:17:16.405Z"}
{"level":"info","message":"onRequest - completionItem/resolve","timestamp":"2024-05-23T01:17:16.441Z"}
{"level":"info","message":"onRequest - completionItem/resolve","timestamp":"2024-05-23T01:17:16.468Z"}
{"level":"info","message":"onRequest - completionItem/resolve","timestamp":"2024-05-23T01:17:16.495Z"}
{"level":"info","message":"onRequest - completionItem/resolve","timestamp":"2024-05-23T01:17:16.526Z"}
{"level":"info","message":"onRequest - completionItem/resolve","timestamp":"2024-05-23T01:17:16.555Z"}
{"level":"info","message":"onRequest - completionItem/resolve","timestamp":"2024-05-23T01:17:16.585Z"}
{"level":"info","message":"onRequest - completionItem/resolve","timestamp":"2024-05-23T01:17:16.615Z"}
{"level":"info","message":"onRequest - completionItem/resolve","timestamp":"2024-05-23T01:17:16.645Z"}
{"level":"info","message":"onRequest - completionItem/resolve","timestamp":"2024-05-23T01:17:16.677Z"}
{"level":"info","message":"onRequest - completionItem/resolve","timestamp":"2024-05-23T01:17:16.708Z"}
{"level":"info","message":"onRequest - completionItem/resolve","timestamp":"2024-05-23T01:17:16.738Z"}
{"level":"info","message":"onRequest - completionItem/resolve","timestamp":"2024-05-23T01:17:16.768Z"}
{"level":"info","message":"onRequest - completionItem/resolve","timestamp":"2024-05-23T01:17:16.798Z"}
{"level":"info","message":"onRequest - completionItem/resolve","timestamp":"2024-05-23T01:17:16.828Z"}
{"level":"info","message":"onRequest - completionItem/resolve","timestamp":"2024-05-23T01:17:16.871Z"}
{"level":"info","message":"onRequest - completionItem/resolve","timestamp":"2024-05-23T01:17:16.891Z"}
{"level":"info","message":"onRequest - completionItem/resolve","timestamp":"2024-05-23T01:17:16.924Z"}
{"level":"info","message":"onRequest - completionItem/resolve","timestamp":"2024-05-23T01:17:16.952Z"}
{"level":"info","message":"onRequest - completionItem/resolve","timestamp":"2024-05-23T01:17:16.983Z"}
{"level":"info","message":"onRequest - completionItem/resolve","timestamp":"2024-05-23T01:17:17.013Z"}
{"level":"info","message":"onRequest - completionItem/resolve","timestamp":"2024-05-23T01:17:18.357Z"}
{"level":"info","message":"onRequest - completionItem/resolve","timestamp":"2024-05-23T01:17:18.555Z"}
{"level":"info","message":"onRequest - completionItem/resolve","timestamp":"2024-05-23T01:17:20.879Z"}
{"level":"info","message":"onRequest - completionItem/resolve","timestamp":"2024-05-23T01:17:21.070Z"}
{"level":"info","message":"onRequest - completionItem/resolve","timestamp":"2024-05-23T01:17:21.234Z"}
{"exitCode":0,"level":"info","message":"👾 Game executed pgmProgram.pacmanGame on /home/dodain/workspace/wollok-dev/wollok-workspace/migracion-proyectos/pacmanBasicGame","timeElapsed":14570,"timestamp":"2024-05-23T01:17:59.473Z"}
{"exitCode":0,"level":"info","message":"👾 Game executed pgmProgram.pacmanGame on /home/dodain/workspace/wollok-dev/wollok-workspace/migracion-proyectos/pacmanBasicGame","timeElapsed":14187,"timestamp":"2024-05-23T01:18:28.756Z"}
{"exitCode":0,"level":"info","message":"👾 Game executed pgmProgram.pacmanGame on /home/dodain/workspace/wollok-dev/wollok-workspace/migracion-proyectos/pacmanBasicGame","timeElapsed":17239,"timestamp":"2024-05-23T01:26:22.364Z"}
{"exitCode":0,"level":"info","message":"👾 Game executed pgmProgram.pacmanGame on /home/dodain/workspace/wollok-dev/wollok-workspace/migracion-proyectos/pacmanBasicGame","timeElapsed":12994,"timestamp":"2024-05-23T01:26:41.557Z"}
{"level":"info","message":"⌛ Building environment","timeElapsed":182,"timestamp":"2024-05-24T00:27:32.394Z"}
{"level":"info","message":"onRequest - WORKSPACE_URI:file:///home/dodain/workspace/wollok-dev/wollok-workspace/migracion-proyectos/pacmanBasicGame","timestamp":"2024-05-24T00:27:32.396Z"}
{"level":"info","message":"⌛ Building environment","timeElapsed":106,"timestamp":"2024-05-24T00:27:32.503Z"}
{"exitCode":0,"level":"info","message":"👾 Game executed pgmProgram.pacmanGame on /home/dodain/workspace/wollok-dev/wollok-workspace/migracion-proyectos/pacmanBasicGame","timeElapsed":209749,"timestamp":"2024-05-24T00:31:06.098Z"}
{"level":"info","message":"onRequest - STRONG_FILES_CHANGED:/home/dodain/workspace/wollok-dev/wollok-workspace/migracion-proyectos/pacmanBasicGame/videos/demo.gif","timestamp":"2024-05-24T00:31:26.245Z"}
{"level":"info","message":"onRequest - WORKSPACE_URI:file:///home/dodain/workspace/wollok-dev/wollok-workspace/migracion-proyectos/pacmanBasicGame","timestamp":"2024-05-24T00:31:26.421Z"}
{"level":"info","message":"Removing diagnostics from /home/dodain/workspace/wollok-dev/wollok-workspace/migracion-proyectos/pacmanBasicGame/videos/demo.gif","timestamp":"2024-05-24T00:31:26.557Z"}
{"level":"info","message":"⌛ Building environment","timeElapsed":355,"timestamp":"2025-09-13T15:09:21.797Z"}
{"level":"info","message":"⌛ Building environment","timeElapsed":185,"timestamp":"2025-09-13T15:09:21.989Z"}
{"level":"info","message":"⌛ Building environment","timeElapsed":129,"timestamp":"2025-09-13T15:09:22.131Z"}
{"level":"info","message":"⌛ Building environment","timeElapsed":117,"timestamp":"2025-09-13T15:09:23.372Z"}
{"level":"info","message":"⌛ Validating example.wlk","timeElapsed":311,"timestamp":"2025-09-13T15:09:23.684Z"}
{"level":"info","message":"⌛ Building environment","timeElapsed":136,"timestamp":"2025-09-13T15:09:23.822Z"}
{"level":"info","message":"⌛ Validating pgmProgram.wpgm","timeElapsed":222,"timestamp":"2025-09-13T15:09:24.125Z"}
{"level":"info","message":"⌛ Validating example.wlk","timeElapsed":289,"timestamp":"2025-09-13T15:09:24.464Z"}
{"level":"info","message":"⌛ Validating pgmProgram.wpgm","timeElapsed":203,"timestamp":"2025-09-13T15:09:24.669Z"}
{"level":"info","message":"⌛ Validating example.wlk","timeElapsed":156,"timestamp":"2025-09-13T15:11:00.538Z"}
{"level":"info","message":"⌛ Validating example.wlk","timeElapsed":170,"timestamp":"2025-09-13T15:11:11.126Z"}
{"level":"info","message":"⌛ Building environment","timeElapsed":106,"timestamp":"2025-09-13T15:11:11.233Z"}
{"level":"info","message":"⌛ Validating example.wlk","timeElapsed":162,"timestamp":"2025-09-13T15:11:11.397Z"}
{"level":"info","message":"⌛ Validating example.wlk","timeElapsed":132,"timestamp":"2025-09-13T15:11:12.129Z"}
{"level":"info","message":"⌛ Validating pgmProgram.wpgm","timeElapsed":201,"timestamp":"2025-09-13T15:11:17.572Z"}
{"level":"info","message":"⌛ Validating pgmProgram.wpgm","timeElapsed":135,"timestamp":"2025-09-13T15:11:48.467Z"}
{"level":"info","message":"⌛ Building environment","timeElapsed":132,"timestamp":"2025-09-13T15:11:48.601Z"}
{"level":"info","message":"⌛ Validating pgmProgram.wpgm","timeElapsed":156,"timestamp":"2025-09-13T15:11:48.758Z"}
{"level":"error","message":"✘ Failed to rebuild document Failed to parse pgmProgram.wpgm: \n-- PARSING FAILED --------------------------------------------------\n\n  51 | \t\t\t\tgame.say(pacman, \"Se me terminaron las vidas!!!\")\n  52 | \t\t\t\tgame.onTick(5000, \"gameEnd\", { game.stop() })\n> 53 | \t\t\t}\n     |    ^\n  54 | \t\t})\n  55 | \t}\n\nExpected one of the following: \n\n'@', 'class', 'const', 'describe', 'mixin', 'object', 'only', 'package', 'program', 'test', 'var', '{', EOF, comment, not \"}\n\t\t\", whitespace\n","stack":"Error: Failed to parse pgmProgram.wpgm: \n-- PARSING FAILED --------------------------------------------------\n\n  51 | \t\t\t\tgame.say(pacman, \"Se me terminaron las vidas!!!\")\n  52 | \t\t\t\tgame.onTick(5000, \"gameEnd\", { game.stop() })\n> 53 | \t\t\t}\n     |    ^\n  54 | \t\t})\n  55 | \t}\n\nExpected one of the following: \n\n'@', 'class', 'const', 'describe', 'mixin', 'object', 'only', 'package', 'program', 'test', 'var', '{', EOF, comment, not \"}\n\t\t\", whitespace\n\n    at /home/tincho/.vscode/extensions/uqbar.wollok-lsp-ide-0.5.3/out/server/src/server.js:2348:13026\n    at Array.map (<anonymous>)\n    at W1n (/home/tincho/.vscode/extensions/uqbar.wollok-lsp-ide-0.5.3/out/server/src/server.js:2348:12950)\n    at U2.buildEnvironmentFrom (/home/tincho/.vscode/extensions/uqbar.wollok-lsp-ide-0.5.3/out/server/src/server.js:2393:5254)\n    at U2.updateEnvironmentWith (/home/tincho/.vscode/extensions/uqbar.wollok-lsp-ide-0.5.3/out/server/src/server.js:2393:4989)\n    at JF (/home/tincho/.vscode/extensions/uqbar.wollok-lsp-ide-0.5.3/out/server/src/server.js:2393:7383)\n    at F3.invoke (/home/tincho/.vscode/extensions/uqbar.wollok-lsp-ide-0.5.3/out/server/src/server.js:3:157334)\n    at o.fire (/home/tincho/.vscode/extensions/uqbar.wollok-lsp-ide-0.5.3/out/server/src/server.js:3:158104)\n    at /home/tincho/.vscode/extensions/uqbar.wollok-lsp-ide-0.5.3/out/server/src/server.js:37:57871\n    at Zr (/home/tincho/.vscode/extensions/uqbar.wollok-lsp-ide-0.5.3/out/server/src/server.js:8:1561)","timestamp":"2025-09-13T15:12:08.090Z"}
{"level":"error","message":"✘ Failed to rebuild document Failed to parse pgmProgram.wpgm: \n-- PARSING FAILED --------------------------------------------------\n\n  51 | \t\t\t\tgame.say(pacman, \"Se me terminaron las vidas!!!\")\n  52 | \t\t\t\tgame.onTick(5000, \"gameEnd\", { game.stop() })\n> 53 | \t\t\t}\n     |    ^\n  54 | \t\t})\n  55 | \t}\n\nExpected one of the following: \n\n'@', 'class', 'const', 'describe', 'mixin', 'object', 'only', 'package', 'program', 'test', 'var', '{', EOF, comment, not \"}\n\t\t\", whitespace\n","stack":"Error: Failed to parse pgmProgram.wpgm: \n-- PARSING FAILED --------------------------------------------------\n\n  51 | \t\t\t\tgame.say(pacman, \"Se me terminaron las vidas!!!\")\n  52 | \t\t\t\tgame.onTick(5000, \"gameEnd\", { game.stop() })\n> 53 | \t\t\t}\n     |    ^\n  54 | \t\t})\n  55 | \t}\n\nExpected one of the following: \n\n'@', 'class', 'const', 'describe', 'mixin', 'object', 'only', 'package', 'program', 'test', 'var', '{', EOF, comment, not \"}\n\t\t\", whitespace\n\n    at /home/tincho/.vscode/extensions/uqbar.wollok-lsp-ide-0.5.3/out/server/src/server.js:2348:13026\n    at Array.map (<anonymous>)\n    at W1n (/home/tincho/.vscode/extensions/uqbar.wollok-lsp-ide-0.5.3/out/server/src/server.js:2348:12950)\n    at U2.buildEnvironmentFrom (/home/tincho/.vscode/extensions/uqbar.wollok-lsp-ide-0.5.3/out/server/src/server.js:2393:5254)\n    at U2.updateEnvironmentWith (/home/tincho/.vscode/extensions/uqbar.wollok-lsp-ide-0.5.3/out/server/src/server.js:2393:4989)\n    at JF (/home/tincho/.vscode/extensions/uqbar.wollok-lsp-ide-0.5.3/out/server/src/server.js:2393:7383)\n    at F3.invoke (/home/tincho/.vscode/extensions/uqbar.wollok-lsp-ide-0.5.3/out/server/src/server.js:3:157334)\n    at o.fire (/home/tincho/.vscode/extensions/uqbar.wollok-lsp-ide-0.5.3/out/server/src/server.js:3:158104)\n    at /home/tincho/.vscode/extensions/uqbar.wollok-lsp-ide-0.5.3/out/server/src/server.js:37:57871\n    at Zr (/home/tincho/.vscode/extensions/uqbar.wollok-lsp-ide-0.5.3/out/server/src/server.js:8:1561)","timestamp":"2025-09-13T15:12:13.408Z"}
{"level":"error","message":"✘ Failed to rebuild document Failed to parse pgmProgram.wpgm: \n-- PARSING FAILED --------------------------------------------------\n\n  51 | \t\t\t\tgame.say(pacman, \"Se me terminaron las vidas!!!\")\n  52 | \t\t\t\tgame.onTick(5000, \"gameEnd\", { game.stop() })\n> 53 | \t\t\t}\n     |    ^\n  54 | \t\t})\n  55 | \t}\n\nExpected one of the following: \n\n'@', 'class', 'const', 'describe', 'mixin', 'object', 'only', 'package', 'program', 'test', 'var', '{', EOF, comment, not \"}\n\t\t\", whitespace\n","stack":"Error: Failed to parse pgmProgram.wpgm: \n-- PARSING FAILED --------------------------------------------------\n\n  51 | \t\t\t\tgame.say(pacman, \"Se me terminaron las vidas!!!\")\n  52 | \t\t\t\tgame.onTick(5000, \"gameEnd\", { game.stop() })\n> 53 | \t\t\t}\n     |    ^\n  54 | \t\t})\n  55 | \t}\n\nExpected one of the following: \n\n'@', 'class', 'const', 'describe', 'mixin', 'object', 'only', 'package', 'program', 'test', 'var', '{', EOF, comment, not \"}\n\t\t\", whitespace\n\n    at /home/tincho/.vscode/extensions/uqbar.wollok-lsp-ide-0.5.3/out/server/src/server.js:2348:13026\n    at Array.map (<anonymous>)\n    at W1n (/home/tincho/.vscode/extensions/uqbar.wollok-lsp-ide-0.5.3/out/server/src/server.js:2348:12950)\n    at U2.buildEnvironmentFrom (/home/tincho/.vscode/extensions/uqbar.wollok-lsp-ide-0.5.3/out/server/src/server.js:2393:5254)\n    at U2.updateEnvironmentWith (/home/tincho/.vscode/extensions/uqbar.wollok-lsp-ide-0.5.3/out/server/src/server.js:2393:4989)\n    at JF (/home/tincho/.vscode/extensions/uqbar.wollok-lsp-ide-0.5.3/out/server/src/server.js:2393:7383)\n    at F3.invoke (/home/tincho/.vscode/extensions/uqbar.wollok-lsp-ide-0.5.3/out/server/src/server.js:3:157334)\n    at o.fire (/home/tincho/.vscode/extensions/uqbar.wollok-lsp-ide-0.5.3/out/server/src/server.js:3:158104)\n    at /home/tincho/.vscode/extensions/uqbar.wollok-lsp-ide-0.5.3/out/server/src/server.js:37:57871\n    at Zr (/home/tincho/.vscode/extensions/uqbar.wollok-lsp-ide-0.5.3/out/server/src/server.js:8:1561)","timestamp":"2025-09-13T15:12:13.517Z"}
{"level":"error","message":"✘ Failed to rebuild document Failed to parse pgmProgram.wpgm: \n-- PARSING FAILED --------------------------------------------------\n\n  51 | \t\t\t\tgame.say(pacman, \"Se me terminaron las vidas!!!\")\n  52 | \t\t\t\tgame.onTick(5000, \"gameEnd\", { game.stop() })\n> 53 | \t\t\t}\n     |    ^\n  54 | \t\t})\n  55 | \t}\n\nExpected one of the following: \n\n'@', 'class', 'const', 'describe', 'mixin', 'object', 'only', 'package', 'program', 'test', 'var', '{', EOF, comment, not \"}\n\t\t\", whitespace\n","stack":"Error: Failed to parse pgmProgram.wpgm: \n-- PARSING FAILED --------------------------------------------------\n\n  51 | \t\t\t\tgame.say(pacman, \"Se me terminaron las vidas!!!\")\n  52 | \t\t\t\tgame.onTick(5000, \"gameEnd\", { game.stop() })\n> 53 | \t\t\t}\n     |    ^\n  54 | \t\t})\n  55 | \t}\n\nExpected one of the following: \n\n'@', 'class', 'const', 'describe', 'mixin', 'object', 'only', 'package', 'program', 'test', 'var', '{', EOF, comment, not \"}\n\t\t\", whitespace\n\n    at /home/tincho/.vscode/extensions/uqbar.wollok-lsp-ide-0.5.3/out/server/src/server.js:2348:13026\n    at Array.map (<anonymous>)\n    at W1n (/home/tincho/.vscode/extensions/uqbar.wollok-lsp-ide-0.5.3/out/server/src/server.js:2348:12950)\n    at U2.buildEnvironmentFrom (/home/tincho/.vscode/extensions/uqbar.wollok-lsp-ide-0.5.3/out/server/src/server.js:2393:5254)\n    at U2.updateEnvironmentWith (/home/tincho/.vscode/extensions/uqbar.wollok-lsp-ide-0.5.3/out/server/src/server.js:2393:4989)\n    at JF (/home/tincho/.vscode/extensions/uqbar.wollok-lsp-ide-0.5.3/out/server/src/server.js:2393:7383)\n    at F3.invoke (/home/tincho/.vscode/extensions/uqbar.wollok-lsp-ide-0.5.3/out/server/src/server.js:3:157334)\n    at o.fire (/home/tincho/.vscode/extensions/uqbar.wollok-lsp-ide-0.5.3/out/server/src/server.js:3:158104)\n    at /home/tincho/.vscode/extensions/uqbar.wollok-lsp-ide-0.5.3/out/server/src/server.js:37:57871\n    at Zr (/home/tincho/.vscode/extensions/uqbar.wollok-lsp-ide-0.5.3/out/server/src/server.js:8:1561)","timestamp":"2025-09-13T15:12:15.428Z"}
{"level":"error","message":"✘ Failed to rebuild document Failed to parse pgmProgram.wpgm: \n-- PARSING FAILED --------------------------------------------------\n\n  58 | \tgame.start()\n  59 | \t\n> 60 | }\n     | ^\n\nExpected one of the following: \n\n'@', 'class', 'const', 'describe', 'mixin', 'object', 'only', 'package', 'program', 'test', 'var', '{', EOF, comment, not \"}\", whitespace\n","stack":"Error: Failed to parse pgmProgram.wpgm: \n-- PARSING FAILED --------------------------------------------------\n\n  58 | \tgame.start()\n  59 | \t\n> 60 | }\n     | ^\n\nExpected one of the following: \n\n'@', 'class', 'const', 'describe', 'mixin', 'object', 'only', 'package', 'program', 'test', 'var', '{', EOF, comment, not \"}\", whitespace\n\n    at /home/tincho/.vscode/extensions/uqbar.wollok-lsp-ide-0.5.3/out/server/src/server.js:2348:13026\n    at Array.map (<anonymous>)\n    at W1n (/home/tincho/.vscode/extensions/uqbar.wollok-lsp-ide-0.5.3/out/server/src/server.js:2348:12950)\n    at U2.buildEnvironmentFrom (/home/tincho/.vscode/extensions/uqbar.wollok-lsp-ide-0.5.3/out/server/src/server.js:2393:5254)\n    at U2.updateEnvironmentWith (/home/tincho/.vscode/extensions/uqbar.wollok-lsp-ide-0.5.3/out/server/src/server.js:2393:4989)\n    at JF (/home/tincho/.vscode/extensions/uqbar.wollok-lsp-ide-0.5.3/out/server/src/server.js:2393:7383)\n    at F3.invoke (/home/tincho/.vscode/extensions/uqbar.wollok-lsp-ide-0.5.3/out/server/src/server.js:3:157334)\n    at o.fire (/home/tincho/.vscode/extensions/uqbar.wollok-lsp-ide-0.5.3/out/server/src/server.js:3:158104)\n    at /home/tincho/.vscode/extensions/uqbar.wollok-lsp-ide-0.5.3/out/server/src/server.js:37:57871\n    at Zr (/home/tincho/.vscode/extensions/uqbar.wollok-lsp-ide-0.5.3/out/server/src/server.js:8:1561)","timestamp":"2025-09-13T15:12:15.535Z"}
{"level":"error","message":"✘ Failed to rebuild document Failed to parse pgmProgram.wpgm: \n-- PARSING FAILED --------------------------------------------------\n\n  58 | \tgame.start()\n  59 | \t\n> 60 | }\n     | ^\n\nExpected one of the following: \n\n'@', 'class', 'const', 'describe', 'mixin', 'object', 'only', 'package', 'program', 'test', 'var', '{', EOF, comment, not \"}\", whitespace\n","stack":"Error: Failed to parse pgmProgram.wpgm: \n-- PARSING FAILED --------------------------------------------------\n\n  58 | \tgame.start()\n  59 | \t\n> 60 | }\n     | ^\n\nExpected one of the following: \n\n'@', 'class', 'const', 'describe', 'mixin', 'object', 'only', 'package', 'program', 'test', 'var', '{', EOF, comment, not \"}\", whitespace\n\n    at /home/tincho/.vscode/extensions/uqbar.wollok-lsp-ide-0.5.3/out/server/src/server.js:2348:13026\n    at Array.map (<anonymous>)\n    at W1n (/home/tincho/.vscode/extensions/uqbar.wollok-lsp-ide-0.5.3/out/server/src/server.js:2348:12950)\n    at U2.buildEnvironmentFrom (/home/tincho/.vscode/extensions/uqbar.wollok-lsp-ide-0.5.3/out/server/src/server.js:2393:5254)\n    at U2.updateEnvironmentWith (/home/tincho/.vscode/extensions/uqbar.wollok-lsp-ide-0.5.3/out/server/src/server.js:2393:4989)\n    at JF (/home/tincho/.vscode/extensions/uqbar.wollok-lsp-ide-0.5.3/out/server/src/server.js:2393:7383)\n    at F3.invoke (/home/tincho/.vscode/extensions/uqbar.wollok-lsp-ide-0.5.3/out/server/src/server.js:3:157334)\n    at o.fire (/home/tincho/.vscode/extensions/uqbar.wollok-lsp-ide-0.5.3/out/server/src/server.js:3:158104)\n    at /home/tincho/.vscode/extensions/uqbar.wollok-lsp-ide-0.5.3/out/server/src/server.js:37:57871\n    at Zr (/home/tincho/.vscode/extensions/uqbar.wollok-lsp-ide-0.5.3/out/server/src/server.js:8:1561)","timestamp":"2025-09-13T15:12:20.481Z"}
{"level":"info","message":"⌛ Validating pgmProgram.wpgm","timeElapsed":136,"timestamp":"2025-09-13T15:12:25.326Z"}
{"level":"info","message":"⌛ Validating pgmProgram.wpgm","timeElapsed":178,"timestamp":"2025-09-13T15:12:53.767Z"}
{"level":"info","message":"⌛ Validating pgmProgram.wpgm","timeElapsed":127,"timestamp":"2025-09-13T15:12:56.710Z"}
{"level":"info","message":"⌛ Building environment","timeElapsed":111,"timestamp":"2025-09-13T15:12:56.822Z"}
{"level":"info","message":"⌛ Validating pgmProgram.wpgm","timeElapsed":140,"timestamp":"2025-09-13T15:12:56.972Z"}
{"level":"info","message":"⌛ Validating pgmProgram.wpgm","timeElapsed":132,"timestamp":"2025-09-13T15:12:58.167Z"}
{"level":"info","message":"⌛ Validating pgmProgram.wpgm","timeElapsed":110,"timestamp":"2025-09-13T15:13:01.029Z"}
{"level":"info","message":"⌛ Validating pgmProgram.wpgm","timeElapsed":123,"timestamp":"2025-09-13T15:13:01.372Z"}
{"level":"info","message":"⌛ Validating pgmProgram.wpgm","timeElapsed":114,"timestamp":"2025-09-13T15:13:01.830Z"}
{"level":"info","message":"⌛ Building environment","timeElapsed":111,"timestamp":"2025-09-13T15:13:30.114Z"}
{"level":"info","message":"⌛ Validating example.wlk","timeElapsed":122,"timestamp":"2025-09-13T15:13:30.237Z"}
{"level":"info","message":"⌛ Validating example.wlk","timeElapsed":119,"timestamp":"2025-09-13T15:13:30.455Z"}
{"level":"info","message":"⌛ Building environment","timeElapsed":101,"timestamp":"2025-09-13T15:13:30.653Z"}
{"level":"info","message":"⌛ Validating example.wlk","timeElapsed":130,"timestamp":"2025-09-13T15:13:30.784Z"}
{"level":"info","message":"⌛ Validating example.wlk","timeElapsed":138,"timestamp":"2025-09-13T15:13:30.922Z"}
{"level":"error","message":"✘ Failed to rebuild document Failed to parse example.wlk: \n-- PARSING FAILED --------------------------------------------------\n\n  60 | }\n  61 | \n> 62 | class  {\n     |        ^\n  63 | \tconst numero\n  64 | \t\n\nExpected one of the following: \n\nidentifier, whitespace\n","stack":"Error: Failed to parse example.wlk: \n-- PARSING FAILED --------------------------------------------------\n\n  60 | }\n  61 | \n> 62 | class  {\n     |        ^\n  63 | \tconst numero\n  64 | \t\n\nExpected one of the following: \n\nidentifier, whitespace\n\n    at /home/tincho/.vscode/extensions/uqbar.wollok-lsp-ide-0.5.3/out/server/src/server.js:2348:13026\n    at Array.map (<anonymous>)\n    at W1n (/home/tincho/.vscode/extensions/uqbar.wollok-lsp-ide-0.5.3/out/server/src/server.js:2348:12950)\n    at U2.buildEnvironmentFrom (/home/tincho/.vscode/extensions/uqbar.wollok-lsp-ide-0.5.3/out/server/src/server.js:2393:5254)\n    at U2.updateEnvironmentWith (/home/tincho/.vscode/extensions/uqbar.wollok-lsp-ide-0.5.3/out/server/src/server.js:2393:4989)\n    at JF (/home/tincho/.vscode/extensions/uqbar.wollok-lsp-ide-0.5.3/out/server/src/server.js:2393:7383)\n    at F3.invoke (/home/tincho/.vscode/extensions/uqbar.wollok-lsp-ide-0.5.3/out/server/src/server.js:3:157334)\n    at o.fire (/home/tincho/.vscode/extensions/uqbar.wollok-lsp-ide-0.5.3/out/server/src/server.js:3:158104)\n    at /home/tincho/.vscode/extensions/uqbar.wollok-lsp-ide-0.5.3/out/server/src/server.js:37:57871\n    at Zr (/home/tincho/.vscode/extensions/uqbar.wollok-lsp-ide-0.5.3/out/server/src/server.js:8:1561)","timestamp":"2025-09-13T15:13:30.946Z"}
{"level":"info","message":"⌛ Validating example.wlk","timeElapsed":178,"timestamp":"2025-09-13T15:13:31.887Z"}
{"level":"info","message":"⌛ Building environment","timeElapsed":172,"timestamp":"2025-09-13T15:13:32.061Z"}
{"level":"info","message":"⌛ Validating example.wlk","timeElapsed":149,"timestamp":"2025-09-13T15:13:32.432Z"}
{"level":"info","message":"⌛ Validating example.wlk","timeElapsed":139,"timestamp":"2025-09-13T15:13:32.666Z"}
{"level":"info","message":"⌛ Validating example.wlk","timeElapsed":109,"timestamp":"2025-09-13T15:13:32.800Z"}
{"level":"info","message":"⌛ Validating example.wlk","timeElapsed":116,"timestamp":"2025-09-13T15:13:33.097Z"}
{"level":"info","message":"⌛ Validating example.wlk","timeElapsed":107,"timestamp":"2025-09-13T15:13:33.209Z"}
{"level":"info","message":"⌛ Validating example.wlk","timeElapsed":113,"timestamp":"2025-09-13T15:13:33.322Z"}
{"level":"info","message":"⌛ Validating example.wlk","timeElapsed":103,"timestamp":"2025-09-13T15:13:38.811Z"}
{"level":"info","message":"⌛ Validating example.wlk","timeElapsed":119,"timestamp":"2025-09-13T15:13:39.124Z"}
{"level":"info","message":"⌛ Validating example.wlk","timeElapsed":119,"timestamp":"2025-09-13T15:13:39.894Z"}
{"level":"info","message":"⌛ Validating pgmProgram.wpgm","timeElapsed":126,"timestamp":"2025-09-13T15:13:49.233Z"}
{"level":"error","message":"✘ Completions for node Send ([21:0, 32:4] - pgmProgram.wpgm) failed: Error: [Send]{6956a5} at pgmProgram.wpgm:21 exhausted all cases without a match [Send]{6956a5} at pgmProgram.wpgm:21 exhausted all cases without a match","stack":"Error: [Send]{6956a5} at pgmProgram.wpgm:21 exhausted all cases without a match\n    at /home/tincho/.vscode/extensions/uqbar.wollok-lsp-ide-0.5.3/out/server/src/server.js:38:6142\n    at D2 (/home/tincho/.vscode/extensions/uqbar.wollok-lsp-ide-0.5.3/out/server/src/server.js:2384:42)\n    at Qh (/home/tincho/.vscode/extensions/uqbar.wollok-lsp-ide-0.5.3/out/server/src/server.js:2384:1092)\n    at k6n (/home/tincho/.vscode/extensions/uqbar.wollok-lsp-ide-0.5.3/out/server/src/server.js:2384:1248)\n    at /home/tincho/.vscode/extensions/uqbar.wollok-lsp-ide-0.5.3/out/server/src/server.js:38:6131\n    at D2 (/home/tincho/.vscode/extensions/uqbar.wollok-lsp-ide-0.5.3/out/server/src/server.js:2384:42)\n    at /home/tincho/.vscode/extensions/uqbar.wollok-lsp-ide-0.5.3/out/server/src/server.js:2384:2988\n    at /home/tincho/.vscode/extensions/uqbar.wollok-lsp-ide-0.5.3/out/server/src/server.js:2393:8440\n    at /home/tincho/.vscode/extensions/uqbar.wollok-lsp-ide-0.5.3/out/server/src/server.js:37:74872\n    at Ye (/home/tincho/.vscode/extensions/uqbar.wollok-lsp-ide-0.5.3/out/server/src/server.js:7:8527)","timestamp":"2025-09-13T15:13:49.368Z"}
{"level":"info","message":"⌛ Validating pgmProgram.wpgm","timeElapsed":137,"timestamp":"2025-09-13T15:13:49.509Z"}
{"level":"info","message":"⌛ Validating pgmProgram.wpgm","timeElapsed":135,"timestamp":"2025-09-13T15:14:03.572Z"}
{"level":"error","message":"✘ Completions for node Send ([21:0, 32:4] - pgmProgram.wpgm) failed: Error: [Send]{0312f5} at pgmProgram.wpgm:21 exhausted all cases without a match [Send]{0312f5} at pgmProgram.wpgm:21 exhausted all cases without a match","stack":"Error: [Send]{0312f5} at pgmProgram.wpgm:21 exhausted all cases without a match\n    at /home/tincho/.vscode/extensions/uqbar.wollok-lsp-ide-0.5.3/out/server/src/server.js:38:6142\n    at D2 (/home/tincho/.vscode/extensions/uqbar.wollok-lsp-ide-0.5.3/out/server/src/server.js:2384:42)\n    at Qh (/home/tincho/.vscode/extensions/uqbar.wollok-lsp-ide-0.5.3/out/server/src/server.js:2384:1092)\n    at k6n (/home/tincho/.vscode/extensions/uqbar.wollok-lsp-ide-0.5.3/out/server/src/server.js:2384:1248)\n    at /home/tincho/.vscode/extensions/uqbar.wollok-lsp-ide-0.5.3/out/server/src/server.js:38:6131\n    at D2 (/home/tincho/.vscode/extensions/uqbar.wollok-lsp-ide-0.5.3/out/server/src/server.js:2384:42)\n    at /home/tincho/.vscode/extensions/uqbar.wollok-lsp-ide-0.5.3/out/server/src/server.js:2384:2988\n    at /home/tincho/.vscode/extensions/uqbar.wollok-lsp-ide-0.5.3/out/server/src/server.js:2393:8440\n    at /home/tincho/.vscode/extensions/uqbar.wollok-lsp-ide-0.5.3/out/server/src/server.js:37:74872\n    at Ye (/home/tincho/.vscode/extensions/uqbar.wollok-lsp-ide-0.5.3/out/server/src/server.js:7:8527)","timestamp":"2025-09-13T15:14:03.968Z"}
{"level":"info","message":"⌛ Validating pgmProgram.wpgm","timeElapsed":128,"timestamp":"2025-09-13T15:14:04.103Z"}
{"errors":{"errors":[null,[null,[null,[null,"/*game.stop(\n\t\tif (pacman.vidas == 0) {\n\t\tgame.say(personaje,\"Juego terminado, perdiste!\")})*/"]]]]},"level":"error","message":"✘ Failed to get type description: Error: {\n  \"errors\": [\n    null,\n    [\n      null,\n      [\n        null,\n        [\n          null,\n          \"/*game.stop(\\n\\t\\tif (pacman.vidas == 0) {\\n\\t\\tgame.say(personaje,\\\"Juego terminado, perdiste!\\\")})*/\"\n        ]\n      ]\n    ]\n  ]\n} {\n  \"errors\": [\n    null,\n    [\n      null,\n      [\n        null,\n        [\n          null,\n          \"/*game.stop(\\n\\t\\tif (pacman.vidas == 0) {\\n\\t\\tgame.say(personaje,\\\"Juego terminado, perdiste!\\\")})*/\"\n        ]\n      ]\n    ]\n  ]\n}","stack":"Error: {\n  \"errors\": [\n    null,\n    [\n      null,\n      [\n        null,\n        [\n          null,\n          \"/*game.stop(\\n\\t\\tif (pacman.vidas == 0) {\\n\\t\\tgame.say(personaje,\\\"Juego terminado, perdiste!\\\")})*/\"\n        ]\n      ]\n    ]\n  ]\n}\n    at aS (/home/tincho/.vscode/extensions/uqbar.wollok-lsp-ide-0.5.3/out/server/src/server.js:64:34609)\n    at K1 (/home/tincho/.vscode/extensions/uqbar.wollok-lsp-ide-0.5.3/out/server/src/server.js:64:34682)\n    at /home/tincho/.vscode/extensions/uqbar.wollok-lsp-ide-0.5.3/out/server/src/server.js:64:37949\n    at o.g1 (/home/tincho/.vscode/extensions/uqbar.wollok-lsp-ide-0.5.3/out/server/src/server.js:57:58803)\n    at i4 (/home/tincho/.vscode/extensions/uqbar.wollok-lsp-ide-0.5.3/out/server/src/server.js:64:37918)\n    at i4 (/home/tincho/.vscode/extensions/uqbar.wollok-lsp-ide-0.5.3/out/server/src/server.js:57:56832)\n    at zbn (/home/tincho/.vscode/extensions/uqbar.wollok-lsp-ide-0.5.3/out/server/src/server.js:68:2842)\n    at /home/tincho/.vscode/extensions/uqbar.wollok-lsp-ide-0.5.3/out/server/src/server.js:68:2432\n    at /home/tincho/.vscode/extensions/uqbar.wollok-lsp-ide-0.5.3/out/server/src/server.js:68:5443\n    at /home/tincho/.vscode/extensions/uqbar.wollok-lsp-ide-0.5.3/out/server/src/server.js:38:6131","timestamp":"2025-09-13T15:14:19.655Z"}
{"level":"info","message":"⌛ Validating pgmProgram.wpgm","timeElapsed":111,"timestamp":"2025-09-13T15:14:53.182Z"}
{"level":"info","message":"⌛ Building environment","timeElapsed":127,"timestamp":"2025-09-13T15:14:53.345Z"}
{"level":"info","message":"⌛ Validating pgmProgram.wpgm","timeElapsed":153,"timestamp":"2025-09-13T15:14:53.499Z"}
{"level":"info","message":"⌛ Validating pgmProgram.wpgm","timeElapsed":118,"timestamp":"2025-09-13T15:14:55.206Z"}
{"level":"info","message":"⌛ Validating pgmProgram.wpgm","timeElapsed":125,"timestamp":"2025-09-13T15:14:55.422Z"}
{"level":"info","message":"⌛ Validating pgmProgram.wpgm","timeElapsed":114,"timestamp":"2025-09-13T15:15:01.480Z"}
{"level":"info","message":"⌛ Validating pgmProgram.wpgm","timeElapsed":140,"timestamp":"2025-09-13T15:15:01.621Z"}
{"level":"error","message":"✘ Failed to rebuild document Failed to parse pgmProgram.wpgm: \n-- PARSING FAILED --------------------------------------------------\n\n  30 | \t\tgame.say(personaje,\"Me quedan \" + personaje.vidas() + \"vidas\")\n  31 | \t\t})\n> 32 | \t})\n     |  ^\n  33 | \n  34 | /*\n\nExpected one of the following: \n\n'@', 'class', 'const', 'describe', 'mixin', 'object', 'only', 'package', 'program', 'test', 'var', '{', EOF, comment, not \"}\", whitespace\n","stack":"Error: Failed to parse pgmProgram.wpgm: \n-- PARSING FAILED --------------------------------------------------\n\n  30 | \t\tgame.say(personaje,\"Me quedan \" + personaje.vidas() + \"vidas\")\n  31 | \t\t})\n> 32 | \t})\n     |  ^\n  33 | \n  34 | /*\n\nExpected one of the following: \n\n'@', 'class', 'const', 'describe', 'mixin', 'object', 'only', 'package', 'program', 'test', 'var', '{', EOF, comment, not \"}\", whitespace\n\n    at /home/tincho/.vscode/extensions/uqbar.wollok-lsp-ide-0.5.3/out/server/src/server.js:2348:13026\n    at Array.map (<anonymous>)\n    at W1n (/home/tincho/.vscode/extensions/uqbar.wollok-lsp-ide-0.5.3/out/server/src/server.js:2348:12950)\n    at U2.buildEnvironmentFrom (/home/tincho/.vscode/extensions/uqbar.wollok-lsp-ide-0.5.3/out/server/src/server.js:2393:5254)\n    at U2.updateEnvironmentWith (/home/tincho/.vscode/extensions/uqbar.wollok-lsp-ide-0.5.3/out/server/src/server.js:2393:4989)\n    at JF (/home/tincho/.vscode/extensions/uqbar.wollok-lsp-ide-0.5.3/out/server/src/server.js:2393:7383)\n    at F3.invoke (/home/tincho/.vscode/extensions/uqbar.wollok-lsp-ide-0.5.3/out/server/src/server.js:3:157334)\n    at o.fire (/home/tincho/.vscode/extensions/uqbar.wollok-lsp-ide-0.5.3/out/server/src/server.js:3:158104)\n    at /home/tincho/.vscode/extensions/uqbar.wollok-lsp-ide-0.5.3/out/server/src/server.js:37:57871\n    at Zr (/home/tincho/.vscode/extensions/uqbar.wollok-lsp-ide-0.5.3/out/server/src/server.js:8:1561)","timestamp":"2025-09-13T15:15:03.302Z"}
{"level":"info","message":"⌛ Validating pgmProgram.wpgm","timeElapsed":110,"timestamp":"2025-09-13T15:15:03.628Z"}
{"level":"error","message":"✘ Completions for node Send ([21:0, 32:4] - pgmProgram.wpgm) failed: Error: [Send]{ef946d} at pgmProgram.wpgm:21 exhausted all cases without a match [Send]{ef946d} at pgmProgram.wpgm:21 exhausted all cases without a match","stack":"Error: [Send]{ef946d} at pgmProgram.wpgm:21 exhausted all cases without a match\n    at /home/tincho/.vscode/extensions/uqbar.wollok-lsp-ide-0.5.3/out/server/src/server.js:38:6142\n    at D2 (/home/tincho/.vscode/extensions/uqbar.wollok-lsp-ide-0.5.3/out/server/src/server.js:2384:42)\n    at Qh (/home/tincho/.vscode/extensions/uqbar.wollok-lsp-ide-0.5.3/out/server/src/server.js:2384:1092)\n    at k6n (/home/tincho/.vscode/extensions/uqbar.wollok-lsp-ide-0.5.3/out/server/src/server.js:2384:1248)\n    at /home/tincho/.vscode/extensions/uqbar.wollok-lsp-ide-0.5.3/out/server/src/server.js:38:6131\n    at D2 (/home/tincho/.vscode/extensions/uqbar.wollok-lsp-ide-0.5.3/out/server/src/server.js:2384:42)\n    at /home/tincho/.vscode/extensions/uqbar.wollok-lsp-ide-0.5.3/out/server/src/server.js:2384:2988\n    at /home/tincho/.vscode/extensions/uqbar.wollok-lsp-ide-0.5.3/out/server/src/server.js:2393:8440\n    at /home/tincho/.vscode/extensions/uqbar.wollok-lsp-ide-0.5.3/out/server/src/server.js:37:74872\n    at Ye (/home/tincho/.vscode/extensions/uqbar.wollok-lsp-ide-0.5.3/out/server/src/server.js:7:8527)","timestamp":"2025-09-13T15:15:33.378Z"}
{"level":"info","message":"⌛ Validating pgmProgram.wpgm","timeElapsed":159,"timestamp":"2025-09-13T15:15:33.538Z"}
{"level":"info","message":"⌛ Validating pgmProgram.wpgm","timeElapsed":110,"timestamp":"2025-09-13T15:15:33.726Z"}
{"level":"info","message":"⌛ Validating pgmProgram.wpgm","timeElapsed":155,"timestamp":"2025-09-13T15:15:48.450Z"}
{"level":"info","message":"⌛ Validating pgmProgram.wpgm","timeElapsed":131,"timestamp":"2025-09-13T15:15:49.488Z"}
{"level":"info","message":"⌛ Validating pgmProgram.wpgm","timeElapsed":137,"timestamp":"2025-09-13T15:15:49.626Z"}
{"level":"info","message":"⌛ Validating pgmProgram.wpgm","timeElapsed":139,"timestamp":"2025-09-13T15:15:49.972Z"}
{"level":"info","message":"⌛ Validating pgmProgram.wpgm","timeElapsed":128,"timestamp":"2025-09-13T15:15:50.107Z"}
{"level":"info","message":"⌛ Validating pgmProgram.wpgm","timeElapsed":189,"timestamp":"2025-09-13T15:15:51.901Z"}
{"level":"info","message":"⌛ Validating pgmProgram.wpgm","timeElapsed":117,"timestamp":"2025-09-13T15:15:52.094Z"}
{"level":"info","message":"⌛ Validating pgmProgram.wpgm","timeElapsed":134,"timestamp":"2025-09-13T15:15:52.327Z"}
{"level":"info","message":"⌛ Validating pgmProgram.wpgm","timeElapsed":132,"timestamp":"2025-09-13T15:15:52.532Z"}
{"level":"info","message":"⌛ Validating pgmProgram.wpgm","timeElapsed":112,"timestamp":"2025-09-13T15:15:52.730Z"}
{"level":"info","message":"⌛ Validating pgmProgram.wpgm","timeElapsed":116,"timestamp":"2025-09-13T15:15:53.063Z"}
{"level":"info","message":"⌛ Validating pgmProgram.wpgm","timeElapsed":116,"timestamp":"2025-09-13T15:15:53.337Z"}
{"level":"info","message":"⌛ Validating pgmProgram.wpgm","timeElapsed":137,"timestamp":"2025-09-13T15:15:53.654Z"}
{"level":"info","message":"⌛ Validating pgmProgram.wpgm","timeElapsed":147,"timestamp":"2025-09-13T15:15:53.804Z"}
{"level":"info","message":"⌛ Validating pgmProgram.wpgm","timeElapsed":124,"timestamp":"2025-09-13T15:15:54.194Z"}
{"level":"info","message":"⌛ Validating pgmProgram.wpgm","timeElapsed":129,"timestamp":"2025-09-13T15:15:54.323Z"}
{"level":"info","message":"⌛ Validating pgmProgram.wpgm","timeElapsed":104,"timestamp":"2025-09-13T15:15:54.434Z"}
{"level":"info","message":"⌛ Building environment","timeElapsed":133,"timestamp":"2025-09-13T15:15:56.718Z"}
{"level":"info","message":"⌛ Validating pgmProgram.wpgm","timeElapsed":126,"timestamp":"2025-09-13T15:15:56.845Z"}
{"level":"info","message":"⌛ Building environment","timeElapsed":110,"timestamp":"2025-09-13T15:15:58.815Z"}
{"level":"error","message":"✘ Completions for node Send ([18:2, 18:19] - pgmProgram.wpgm) failed: Error: [Send]{d4b4bd} at pgmProgram.wpgm:18 exhausted all cases without a match [Send]{d4b4bd} at pgmProgram.wpgm:18 exhausted all cases without a match","stack":"Error: [Send]{d4b4bd} at pgmProgram.wpgm:18 exhausted all cases without a match\n    at /home/tincho/.vscode/extensions/uqbar.wollok-lsp-ide-0.5.3/out/server/src/server.js:38:6142\n    at D2 (/home/tincho/.vscode/extensions/uqbar.wollok-lsp-ide-0.5.3/out/server/src/server.js:2384:42)\n    at Qh (/home/tincho/.vscode/extensions/uqbar.wollok-lsp-ide-0.5.3/out/server/src/server.js:2384:1092)\n    at k6n (/home/tincho/.vscode/extensions/uqbar.wollok-lsp-ide-0.5.3/out/server/src/server.js:2384:1248)\n    at /home/tincho/.vscode/extensions/uqbar.wollok-lsp-ide-0.5.3/out/server/src/server.js:38:6131\n    at D2 (/home/tincho/.vscode/extensions/uqbar.wollok-lsp-ide-0.5.3/out/server/src/server.js:2384:42)\n    at /home/tincho/.vscode/extensions/uqbar.wollok-lsp-ide-0.5.3/out/server/src/server.js:2384:2988\n    at /home/tincho/.vscode/extensions/uqbar.wollok-lsp-ide-0.5.3/out/server/src/server.js:2393:8440\n    at /home/tincho/.vscode/extensions/uqbar.wollok-lsp-ide-0.5.3/out/server/src/server.js:37:74872\n    at Ye (/home/tincho/.vscode/extensions/uqbar.wollok-lsp-ide-0.5.3/out/server/src/server.js:7:8527)","timestamp":"2025-09-13T15:15:58.867Z"}
{"level":"info","message":"⌛ Building environment","timeElapsed":102,"timestamp":"2025-09-13T15:15:58.969Z"}
{"level":"info","message":"⌛ Validating pgmProgram.wpgm","timeElapsed":171,"timestamp":"2025-09-13T15:15:59.140Z"}
{"level":"info","message":"⌛ Validating pgmProgram.wpgm","timeElapsed":124,"timestamp":"2025-09-13T15:15:59.361Z"}
{"level":"info","message":"⌛ Validating pgmProgram.wpgm","timeElapsed":160,"timestamp":"2025-09-13T15:15:59.701Z"}
{"level":"info","message":"⌛ Validating pgmProgram.wpgm","timeElapsed":162,"timestamp":"2025-09-13T15:15:59.873Z"}
{"level":"info","message":"⌛ Validating pgmProgram.wpgm","timeElapsed":164,"timestamp":"2025-09-13T15:16:00.038Z"}
{"level":"info","message":"⌛ Validating pgmProgram.wpgm","timeElapsed":101,"timestamp":"2025-09-13T15:16:00.446Z"}
{"level":"error","message":"✘ Completions for node Send ([18:2, 18:24] - pgmProgram.wpgm) failed: Error: [Send]{7abcfb} at pgmProgram.wpgm:18 exhausted all cases without a match [Send]{7abcfb} at pgmProgram.wpgm:18 exhausted all cases without a match","stack":"Error: [Send]{7abcfb} at pgmProgram.wpgm:18 exhausted all cases without a match\n    at /home/tincho/.vscode/extensions/uqbar.wollok-lsp-ide-0.5.3/out/server/src/server.js:38:6142\n    at D2 (/home/tincho/.vscode/extensions/uqbar.wollok-lsp-ide-0.5.3/out/server/src/server.js:2384:42)\n    at Qh (/home/tincho/.vscode/extensions/uqbar.wollok-lsp-ide-0.5.3/out/server/src/server.js:2384:1092)\n    at k6n (/home/tincho/.vscode/extensions/uqbar.wollok-lsp-ide-0.5.3/out/server/src/server.js:2384:1248)\n    at /home/tincho/.vscode/extensions/uqbar.wollok-lsp-ide-0.5.3/out/server/src/server.js:38:6131\n    at D2 (/home/tincho/.vscode/extensions/uqbar.wollok-lsp-ide-0.5.3/out/server/src/server.js:2384:42)\n    at /home/tincho/.vscode/extensions/uqbar.wollok-lsp-ide-0.5.3/out/server/src/server.js:2384:2988\n    at /home/tincho/.vscode/extensions/uqbar.wollok-lsp-ide-0.5.3/out/server/src/server.js:2393:8440\n    at /home/tincho/.vscode/extensions/uqbar.wollok-lsp-ide-0.5.3/out/server/src/server.js:37:74872\n    at Ye (/home/tincho/.vscode/extensions/uqbar.wollok-lsp-ide-0.5.3/out/server/src/server.js:7:8527)","timestamp":"2025-09-13T15:16:04.922Z"}
{"level":"info","message":"⌛ Validating pgmProgram.wpgm","timeElapsed":135,"timestamp":"2025-09-13T15:16:05.057Z"}
{"level":"info","message":"⌛ Validating pgmProgram.wpgm","timeElapsed":115,"timestamp":"2025-09-13T15:16:05.277Z"}
{"level":"info","message":"⌛ Validating pgmProgram.wpgm","timeElapsed":128,"timestamp":"2025-09-13T15:16:16.390Z"}
{"level":"info","message":"⌛ Validating pgmProgram.wpgm","timeElapsed":133,"timestamp":"2025-09-13T15:16:16.604Z"}
{"level":"info","message":"⌛ Building environment","timeElapsed":130,"timestamp":"2025-09-13T15:16:30.259Z"}
{"level":"info","message":"⌛ Validating pgmProgram.wpgm","timeElapsed":175,"timestamp":"2025-09-13T15:16:30.445Z"}
{"level":"info","message":"⌛ Building environment","timeElapsed":112,"timestamp":"2025-09-13T15:16:30.601Z"}
{"level":"info","message":"⌛ Validating pgmProgram.wpgm","timeElapsed":172,"timestamp":"2025-09-13T15:16:30.787Z"}
{"level":"info","message":"⌛ Validating pgmProgram.wpgm","timeElapsed":106,"timestamp":"2025-09-13T15:16:37.263Z"}
{"level":"info","message":"⌛ Validating pgmProgram.wpgm","timeElapsed":113,"timestamp":"2025-09-13T15:16:37.618Z"}
{"level":"info","message":"⌛ Validating pgmProgram.wpgm","timeElapsed":126,"timestamp":"2025-09-13T15:16:37.942Z"}
{"level":"info","message":"⌛ Validating pgmProgram.wpgm","timeElapsed":109,"timestamp":"2025-09-13T15:16:38.251Z"}
{"level":"info","message":"⌛ Validating pgmProgram.wpgm","timeElapsed":125,"timestamp":"2025-09-13T15:16:38.586Z"}
{"level":"info","message":"⌛ Validating pgmProgram.wpgm","timeElapsed":113,"timestamp":"2025-09-13T15:16:38.833Z"}
{"level":"info","message":"⌛ Validating pgmProgram.wpgm","timeElapsed":106,"timestamp":"2025-09-13T15:16:39.155Z"}
{"level":"info","message":"⌛ Validating pgmProgram.wpgm","timeElapsed":104,"timestamp":"2025-09-13T15:16:39.468Z"}
{"level":"info","message":"⌛ Validating pgmProgram.wpgm","timeElapsed":103,"timestamp":"2025-09-13T15:16:39.794Z"}
{"level":"info","message":"⌛ Validating pgmProgram.wpgm","timeElapsed":101,"timestamp":"2025-09-13T15:16:40.764Z"}
{"level":"info","message":"⌛ Validating pgmProgram.wpgm","timeElapsed":105,"timestamp":"2025-09-13T15:16:41.169Z"}
{"level":"info","message":"⌛ Validating pgmProgram.wpgm","timeElapsed":139,"timestamp":"2025-09-13T15:16:41.580Z"}
{"level":"info","message":"⌛ Validating pgmProgram.wpgm","timeElapsed":116,"timestamp":"2025-09-13T15:16:42.080Z"}
{"level":"info","message":"⌛ Validating pgmProgram.wpgm","timeElapsed":124,"timestamp":"2025-09-13T15:16:43.240Z"}
{"level":"info","message":"⌛ Validating pgmProgram.wpgm","timeElapsed":128,"timestamp":"2025-09-13T15:16:43.688Z"}
{"level":"info","message":"⌛ Validating pgmProgram.wpgm","timeElapsed":110,"timestamp":"2025-09-13T15:16:44.087Z"}
{"level":"info","message":"⌛ Validating pgmProgram.wpgm","timeElapsed":106,"timestamp":"2025-09-13T15:16:44.531Z"}
{"level":"info","message":"⌛ Validating pgmProgram.wpgm","timeElapsed":131,"timestamp":"2025-09-13T15:16:45.063Z"}
{"level":"info","message":"⌛ Validating pgmProgram.wpgm","timeElapsed":107,"timestamp":"2025-09-13T15:16:45.659Z"}
{"level":"info","message":"⌛ Validating pgmProgram.wpgm","timeElapsed":148,"timestamp":"2025-09-13T15:16:46.226Z"}
{"level":"info","message":"⌛ Validating pgmProgram.wpgm","timeElapsed":135,"timestamp":"2025-09-13T15:16:48.061Z"}
{"level":"info","message":"⌛ Validating pgmProgram.wpgm","timeElapsed":132,"timestamp":"2025-09-13T15:16:48.434Z"}
